[INFO] 2025-10-02T10:40:51.707913294 - Role: Russians
[INFO] 2025-10-02T10:40:52.324228116 - Starting Round 1
[CHANGE] 2025-10-02T10:40:52.334447145 - CompositeChange <[ChangAttachmentChange attached to:RussianBase name:territoryAttachment new value:PlayerId named: Russians old value:null, CompositeChange <[Property change, unit:factory owned by Russians property:originalOwner newValue:PlayerId named: Russians oldValue:null]>, ChangAttachmentChange attached to:ItalianBase name:territoryAttachment new value:PlayerId named: Italians old value:null, CompositeChange <[Property change, unit:factory owned by Italians property:originalOwner newValue:PlayerId named: Italians oldValue:null]>, ChangAttachmentChange attached to:GermanBase name:territoryAttachment new value:PlayerId named: Germans old value:null, CompositeChange <[Property change, unit:factory owned by Germans property:originalOwner newValue:PlayerId named: Germans oldValue:null]>, ChangAttachmentChange attached to:ChineseBase name:territoryAttachment new value:PlayerId named: Chinese old value:null, CompositeChange <[Property change, unit:factory owned by Chinese property:originalOwner newValue:PlayerId named: Chinese oldValue:null]>, ChangAttachmentChange attached to:RussianStart name:territoryAttachment new value:PlayerId named: Russians old value:null, ChangAttachmentChange attached to:ItalianStart name:territoryAttachment new value:PlayerId named: Italians old value:null, ChangAttachmentChange attached to:GermanStart name:territoryAttachment new value:PlayerId named: Germans old value:null, ChangAttachmentChange attached to:ChineseStart name:territoryAttachment new value:PlayerId named: Chinese old value:null]>
[CHANGE] 2025-10-02T10:40:52.337452274 - CompositeChange <[Germans changed from null: no_one to AI:Fast (AI), Italians changed from null: no_one to AI:Fast (AI), Chinese changed from null: no_one to AI:Fast (AI), Russians changed from null: no_one to AI:TripleMind (AI)]>
[MY_MOVE] 2025-10-02T10:40:52.387240811 - purchase
[CHANGE] 2025-10-02T10:40:52.509001083 - CompositeChange <[Add unit change.  Add to: Russians units: [infantry owned by Russians, artillery owned by Russians, armour owned by Russians], Change resource.  Resource:PUs quantity:-12 Player:Russians]>
[MY_MOVE] 2025-10-02T10:40:52.516359679 - combat
[CHANGE] 2025-10-02T10:40:52.520540889 - Change resource.  Resource:PUs quantity:0 Player:Russians
[CHANGE] 2025-10-02T10:40:52.521221360 - Russians takes RussianStartLeft from Neutral
[CHANGE] 2025-10-02T10:40:53.571417941 - Property change, unit:armour owned by Russians property:wasInCombat newValue:true oldValue:false
[CHANGE] 2025-10-02T10:40:53.572464622 - CompositeChange <[CompositeChange <[Property change, unit:armour owned by Russians property:alreadyMoved newValue:2 oldValue:0, CompositeChange <[Property change, unit:armour owned by Russians property:alreadyMoved newValue:3 oldValue:0]>]>, Add unit change.  Add to: RussianStartLeft units: [armour owned by Russians], Remove unit change. Remove from: RussianBase units: [armour owned by Russians]]>
[CHANGE] 2025-10-02T10:40:53.874930735 - Change resource.  Resource:PUs quantity:0 Player:Russians
[CHANGE] 2025-10-02T10:40:53.876312651 - Russians takes RussianStartRight from Neutral
[CHANGE] 2025-10-02T10:40:53.877450692 - Property change, unit:infantry owned by Russians property:wasInCombat newValue:true oldValue:false
[CHANGE] 2025-10-02T10:40:53.878437968 - CompositeChange <[CompositeChange <[Property change, unit:infantry owned by Russians property:alreadyMoved newValue:1 oldValue:0, CompositeChange <[Property change, unit:infantry owned by Russians property:alreadyMoved newValue:2 oldValue:0]>]>, Add unit change.  Add to: RussianStartRight units: [infantry owned by Russians], Remove unit change. Remove from: RussianStart units: [infantry owned by Russians]]>
[CHANGE] 2025-10-02T10:40:55.212980794 - Change resource.  Resource:PUs quantity:0 Player:Russians
[CHANGE] 2025-10-02T10:40:55.213949627 - Russians takes RussianStepOne from Neutral
[CHANGE] 2025-10-02T10:40:55.214905568 - Property change, unit:infantry owned by Russians property:wasInCombat newValue:true oldValue:false
[CHANGE] 2025-10-02T10:40:55.215769313 - CompositeChange <[CompositeChange <[Property change, unit:infantry owned by Russians property:alreadyMoved newValue:1 oldValue:0, CompositeChange <[Property change, unit:infantry owned by Russians property:alreadyMoved newValue:2 oldValue:0]>]>, Add unit change.  Add to: RussianStepOne units: [infantry owned by Russians], Remove unit change. Remove from: RussianStart units: [infantry owned by Russians]]>
[CHANGE] 2025-10-02T10:40:56.587835918 - Adding Battle Records: [Russians={fe397:IBattle.BattleType.NORMAL(type=Battle) battle in RussianStepOne, ec5c8:IBattle.BattleType.NORMAL(type=Battle) battle in RussianStartRight, c25a0:IBattle.BattleType.NORMAL(type=Battle) battle in RussianStartLeft}]
[CHANGE] 2025-10-02T10:40:56.601346185 - CompositeChange <[Property change, unit:infantry owned by Russians property:alreadyMoved newValue:0 oldValue:2, Property change, unit:infantry owned by Russians property:wasInCombat newValue:false oldValue:true, Property change, unit:infantry owned by Russians property:alreadyMoved newValue:0 oldValue:2, Property change, unit:infantry owned by Russians property:wasInCombat newValue:false oldValue:true, Property change, unit:armour owned by Russians property:alreadyMoved newValue:0 oldValue:3, Property change, unit:armour owned by Russians property:wasInCombat newValue:false oldValue:true]>
[MY_MOVE] 2025-10-02T10:40:56.603169616 - place
[CHANGE] 2025-10-02T10:40:56.606576942 - CompositeChange <[Remove unit change. Remove from: Russians units: [armour owned by Russians], Add unit change.  Add to: RussianBase units: [armour owned by Russians]]>
[CHANGE] 2025-10-02T10:40:57.665458820 - CompositeChange <[Remove unit change. Remove from: Russians units: [infantry owned by Russians], Add unit change.  Add to: RussianBase units: [infantry owned by Russians]]>
[CHANGE] 2025-10-02T10:40:57.666680330 - CompositeChange <[Remove unit change. Remove from: Russians units: [artillery owned by Russians], Add unit change.  Add to: RussianBase units: [artillery owned by Russians]]>
[CHANGE] 2025-10-02T10:40:57.972348018 - Change resource.  Resource:PUs quantity:18 Player:Russians
[CHANGE] 2025-10-02T10:40:58.036976680 - CompositeChange <[Add unit change.  Add to: Italians units: [infantry owned by Italians, infantry owned by Italians, armour owned by Italians, artillery owned by Italians], Change resource.  Resource:PUs quantity:-15 Player:Italians]>
[CHANGE] 2025-10-02T10:40:58.039488378 - Change resource.  Resource:PUs quantity:0 Player:Italians
[CHANGE] 2025-10-02T10:40:58.040162363 - Italians takes ItalianStartLeft from Neutral
[CHANGE] 2025-10-02T10:40:58.040975545 - Property change, unit:armour owned by Italians property:wasInCombat newValue:true oldValue:false
[CHANGE] 2025-10-02T10:40:59.071541557 - CompositeChange <[CompositeChange <[Property change, unit:armour owned by Italians property:alreadyMoved newValue:2 oldValue:0, CompositeChange <[Property change, unit:armour owned by Italians property:alreadyMoved newValue:3 oldValue:0]>]>, Add unit change.  Add to: ItalianStartLeft units: [armour owned by Italians], Remove unit change. Remove from: ItalianBase units: [armour owned by Italians]]>
[CHANGE] 2025-10-02T10:40:59.373237761 - Change resource.  Resource:PUs quantity:0 Player:Italians
[CHANGE] 2025-10-02T10:40:59.373985334 - Italians takes ItalianStepOne from Neutral
[CHANGE] 2025-10-02T10:40:59.374702412 - Property change, unit:infantry owned by Italians property:wasInCombat newValue:true oldValue:false
[CHANGE] 2025-10-02T10:40:59.375299681 - CompositeChange <[CompositeChange <[Property change, unit:infantry owned by Italians property:alreadyMoved newValue:1 oldValue:0, CompositeChange <[Property change, unit:infantry owned by Italians property:alreadyMoved newValue:2 oldValue:0]>]>, Add unit change.  Add to: ItalianStepOne units: [infantry owned by Italians], Remove unit change. Remove from: ItalianStart units: [infantry owned by Italians]]>
[CHANGE] 2025-10-02T10:41:00.716768844 - Change resource.  Resource:PUs quantity:0 Player:Italians
[CHANGE] 2025-10-02T10:41:00.717508289 - Italians takes ItalianStartRight from Neutral
[CHANGE] 2025-10-02T10:41:00.718197400 - Property change, unit:infantry owned by Italians property:wasInCombat newValue:true oldValue:false
[CHANGE] 2025-10-02T10:41:00.718901834 - CompositeChange <[CompositeChange <[Property change, unit:infantry owned by Italians property:alreadyMoved newValue:1 oldValue:0, CompositeChange <[Property change, unit:infantry owned by Italians property:alreadyMoved newValue:2 oldValue:0]>]>, Add unit change.  Add to: ItalianStartRight units: [infantry owned by Italians], Remove unit change. Remove from: ItalianStart units: [infantry owned by Italians]]>
[CHANGE] 2025-10-02T10:41:02.078424588 - Adding Battle Records: [Italians={bda2f:IBattle.BattleType.NORMAL(type=Battle) battle in ItalianStartRight, 4a23c:IBattle.BattleType.NORMAL(type=Battle) battle in ItalianStartLeft, eb217:IBattle.BattleType.NORMAL(type=Battle) battle in ItalianStepOne}]
[CHANGE] 2025-10-02T10:41:02.088336485 - CompositeChange <[Property change, unit:infantry owned by Italians property:alreadyMoved newValue:0 oldValue:2, Property change, unit:infantry owned by Italians property:wasInCombat newValue:false oldValue:true, Property change, unit:infantry owned by Italians property:alreadyMoved newValue:0 oldValue:2, Property change, unit:infantry owned by Italians property:wasInCombat newValue:false oldValue:true, Property change, unit:armour owned by Italians property:alreadyMoved newValue:0 oldValue:3, Property change, unit:armour owned by Italians property:wasInCombat newValue:false oldValue:true]>
[CHANGE] 2025-10-02T10:41:02.089923149 - CompositeChange <[Remove unit change. Remove from: Italians units: [infantry owned by Italians], Add unit change.  Add to: ItalianBase units: [infantry owned by Italians]]>
[CHANGE] 2025-10-02T10:41:02.091517848 - CompositeChange <[Remove unit change. Remove from: Italians units: [armour owned by Italians], Add unit change.  Add to: ItalianBase units: [armour owned by Italians]]>
[CHANGE] 2025-10-02T10:41:03.105444931 - CompositeChange <[Remove unit change. Remove from: Italians units: [infantry owned by Italians], Add unit change.  Add to: ItalianBase units: [infantry owned by Italians]]>
[CHANGE] 2025-10-02T10:41:03.106642240 - CompositeChange <[Remove unit change. Remove from: Italians units: [artillery owned by Italians], Add unit change.  Add to: ItalianBase units: [artillery owned by Italians]]>
[CHANGE] 2025-10-02T10:41:03.408396899 - Change resource.  Resource:PUs quantity:18 Player:Italians
[CHANGE] 2025-10-02T10:41:03.449997830 - CompositeChange <[Add unit change.  Add to: Germans units: [armour owned by Germans, armour owned by Germans, armour owned by Germans, infantry owned by Germans], Change resource.  Resource:PUs quantity:-18 Player:Germans]>
[CHANGE] 2025-10-02T10:41:03.452053596 - Change resource.  Resource:PUs quantity:0 Player:Germans
[CHANGE] 2025-10-02T10:41:03.452489886 - Germans takes GermanStartLeft from Neutral
[CHANGE] 2025-10-02T10:41:03.453395457 - Property change, unit:armour owned by Germans property:wasInCombat newValue:true oldValue:false
[CHANGE] 2025-10-02T10:41:04.511727847 - CompositeChange <[CompositeChange <[Property change, unit:armour owned by Germans property:alreadyMoved newValue:2 oldValue:0, CompositeChange <[Property change, unit:armour owned by Germans property:alreadyMoved newValue:3 oldValue:0]>]>, Add unit change.  Add to: GermanStartLeft units: [armour owned by Germans], Remove unit change. Remove from: GermanBase units: [armour owned by Germans]]>
[CHANGE] 2025-10-02T10:41:04.813867637 - Change resource.  Resource:PUs quantity:0 Player:Germans
[CHANGE] 2025-10-02T10:41:04.814690594 - Germans takes GermanStepOne from Neutral
[CHANGE] 2025-10-02T10:41:04.815425170 - Property change, unit:infantry owned by Germans property:wasInCombat newValue:true oldValue:false
[CHANGE] 2025-10-02T10:41:04.815800948 - CompositeChange <[CompositeChange <[Property change, unit:infantry owned by Germans property:alreadyMoved newValue:1 oldValue:0, CompositeChange <[Property change, unit:infantry owned by Germans property:alreadyMoved newValue:2 oldValue:0]>]>, Add unit change.  Add to: GermanStepOne units: [infantry owned by Germans], Remove unit change. Remove from: GermanStart units: [infantry owned by Germans]]>
[CHANGE] 2025-10-02T10:41:06.156829179 - Change resource.  Resource:PUs quantity:0 Player:Germans
[CHANGE] 2025-10-02T10:41:06.157878360 - Germans takes GermanStartRight from Neutral
[CHANGE] 2025-10-02T10:41:06.158889839 - Property change, unit:infantry owned by Germans property:wasInCombat newValue:true oldValue:false
[CHANGE] 2025-10-02T10:41:06.159547639 - CompositeChange <[CompositeChange <[Property change, unit:infantry owned by Germans property:alreadyMoved newValue:1 oldValue:0, CompositeChange <[Property change, unit:infantry owned by Germans property:alreadyMoved newValue:2 oldValue:0]>]>, Add unit change.  Add to: GermanStartRight units: [infantry owned by Germans], Remove unit change. Remove from: GermanStart units: [infantry owned by Germans]]>
[CHANGE] 2025-10-02T10:41:07.519621818 - Adding Battle Records: [Germans={d3c44:IBattle.BattleType.NORMAL(type=Battle) battle in GermanStartLeft, 605ac:IBattle.BattleType.NORMAL(type=Battle) battle in GermanStartRight, d2304:IBattle.BattleType.NORMAL(type=Battle) battle in GermanStepOne}]
[CHANGE] 2025-10-02T10:41:07.526856903 - CompositeChange <[Property change, unit:armour owned by Germans property:alreadyMoved newValue:0 oldValue:3, Property change, unit:armour owned by Germans property:wasInCombat newValue:false oldValue:true, Property change, unit:infantry owned by Germans property:alreadyMoved newValue:0 oldValue:2, Property change, unit:infantry owned by Germans property:wasInCombat newValue:false oldValue:true, Property change, unit:infantry owned by Germans property:alreadyMoved newValue:0 oldValue:2, Property change, unit:infantry owned by Germans property:wasInCombat newValue:false oldValue:true]>
[CHANGE] 2025-10-02T10:41:07.529300524 - CompositeChange <[Remove unit change. Remove from: Germans units: [armour owned by Germans], Add unit change.  Add to: GermanBase units: [armour owned by Germans]]>
[CHANGE] 2025-10-02T10:41:07.530451251 - CompositeChange <[Remove unit change. Remove from: Germans units: [infantry owned by Germans], Add unit change.  Add to: GermanBase units: [infantry owned by Germans]]>
[CHANGE] 2025-10-02T10:41:08.544648498 - CompositeChange <[Remove unit change. Remove from: Germans units: [armour owned by Germans], Add unit change.  Add to: GermanBase units: [armour owned by Germans]]>
[CHANGE] 2025-10-02T10:41:08.545770550 - CompositeChange <[Remove unit change. Remove from: Germans units: [armour owned by Germans], Add unit change.  Add to: GermanBase units: [armour owned by Germans]]>
[CHANGE] 2025-10-02T10:41:08.848206843 - Change resource.  Resource:PUs quantity:18 Player:Germans
[CHANGE] 2025-10-02T10:41:08.890449551 - CompositeChange <[Add unit change.  Add to: Chinese units: [infantry owned by Chinese, infantry owned by Chinese, armour owned by Chinese, armour owned by Chinese, armour owned by Chinese], Change resource.  Resource:PUs quantity:-21 Player:Chinese]>
[CHANGE] 2025-10-02T10:41:08.892370700 - Change resource.  Resource:PUs quantity:0 Player:Chinese
[CHANGE] 2025-10-02T10:41:08.892950693 - Chinese takes ChineseStartLeft from Neutral
[CHANGE] 2025-10-02T10:41:08.894068928 - Property change, unit:armour owned by Chinese property:wasInCombat newValue:true oldValue:false
[CHANGE] 2025-10-02T10:41:09.951447390 - CompositeChange <[CompositeChange <[Property change, unit:armour owned by Chinese property:alreadyMoved newValue:2 oldValue:0, CompositeChange <[Property change, unit:armour owned by Chinese property:alreadyMoved newValue:3 oldValue:0]>]>, Add unit change.  Add to: ChineseStartLeft units: [armour owned by Chinese], Remove unit change. Remove from: ChineseBase units: [armour owned by Chinese]]>
[CHANGE] 2025-10-02T10:41:10.252897099 - Change resource.  Resource:PUs quantity:0 Player:Chinese
[CHANGE] 2025-10-02T10:41:10.253431702 - Chinese takes ChineseStartRight from Neutral
[CHANGE] 2025-10-02T10:41:10.254189057 - Property change, unit:infantry owned by Chinese property:wasInCombat newValue:true oldValue:false
[CHANGE] 2025-10-02T10:41:10.254556200 - CompositeChange <[CompositeChange <[Property change, unit:infantry owned by Chinese property:alreadyMoved newValue:1 oldValue:0, CompositeChange <[Property change, unit:infantry owned by Chinese property:alreadyMoved newValue:2 oldValue:0]>]>, Add unit change.  Add to: ChineseStartRight units: [infantry owned by Chinese], Remove unit change. Remove from: ChineseStart units: [infantry owned by Chinese]]>
[CHANGE] 2025-10-02T10:41:11.596288612 - Change resource.  Resource:PUs quantity:0 Player:Chinese
[CHANGE] 2025-10-02T10:41:11.596847339 - Chinese takes ChineseStepOne from Neutral
[CHANGE] 2025-10-02T10:41:11.597292930 - Property change, unit:infantry owned by Chinese property:wasInCombat newValue:true oldValue:false
[CHANGE] 2025-10-02T10:41:11.597606904 - CompositeChange <[CompositeChange <[Property change, unit:infantry owned by Chinese property:alreadyMoved newValue:1 oldValue:0, CompositeChange <[Property change, unit:infantry owned by Chinese property:alreadyMoved newValue:2 oldValue:0]>]>, Add unit change.  Add to: ChineseStepOne units: [infantry owned by Chinese], Remove unit change. Remove from: ChineseStart units: [infantry owned by Chinese]]>
[CHANGE] 2025-10-02T10:41:12.958474572 - Adding Battle Records: [Chinese={f4d03:IBattle.BattleType.NORMAL(type=Battle) battle in ChineseStepOne, 1310f:IBattle.BattleType.NORMAL(type=Battle) battle in ChineseStartRight, 0c9a8:IBattle.BattleType.NORMAL(type=Battle) battle in ChineseStartLeft}]
[CHANGE] 2025-10-02T10:41:12.966854441 - CompositeChange <[Property change, unit:armour owned by Chinese property:alreadyMoved newValue:0 oldValue:3, Property change, unit:armour owned by Chinese property:wasInCombat newValue:false oldValue:true, Property change, unit:infantry owned by Chinese property:alreadyMoved newValue:0 oldValue:2, Property change, unit:infantry owned by Chinese property:wasInCombat newValue:false oldValue:true, Property change, unit:infantry owned by Chinese property:alreadyMoved newValue:0 oldValue:2, Property change, unit:infantry owned by Chinese property:wasInCombat newValue:false oldValue:true]>
[CHANGE] 2025-10-02T10:41:12.969038077 - CompositeChange <[Remove unit change. Remove from: Chinese units: [armour owned by Chinese], Add unit change.  Add to: ChineseBase units: [armour owned by Chinese]]>
[CHANGE] 2025-10-02T10:41:12.970294177 - CompositeChange <[Remove unit change. Remove from: Chinese units: [infantry owned by Chinese], Add unit change.  Add to: ChineseBase units: [infantry owned by Chinese]]>
[CHANGE] 2025-10-02T10:41:13.984936030 - CompositeChange <[Remove unit change. Remove from: Chinese units: [armour owned by Chinese], Add unit change.  Add to: ChineseBase units: [armour owned by Chinese]]>
[CHANGE] 2025-10-02T10:41:13.986435504 - CompositeChange <[Remove unit change. Remove from: Chinese units: [infantry owned by Chinese], Add unit change.  Add to: ChineseBase units: [infantry owned by Chinese]]>
[CHANGE] 2025-10-02T10:41:13.987301335 - CompositeChange <[Remove unit change. Remove from: Chinese units: [armour owned by Chinese], Add unit change.  Add to: ChineseBase units: [armour owned by Chinese]]>
[CHANGE] 2025-10-02T10:41:15.308410538 - Change resource.  Resource:PUs quantity:18 Player:Chinese
[INFO] 2025-10-02T10:41:15.326542342 - Starting Round 2
[MY_MOVE] 2025-10-02T10:41:15.327261095 - purchase
[CHANGE] 2025-10-02T10:41:15.485744065 - CompositeChange <[Add unit change.  Add to: Russians units: [armour owned by Russians, armour owned by Russians, armour owned by Russians, infantry owned by Russians], Change resource.  Resource:PUs quantity:-18 Player:Russians]>
[MY_MOVE] 2025-10-02T10:41:15.487068651 - combat
[CHANGE] 2025-10-02T10:41:15.488788144 - Change resource.  Resource:PUs quantity:0 Player:Russians
[CHANGE] 2025-10-02T10:41:15.489235519 - Russians takes RussianStepTwo from Neutral
[CHANGE] 2025-10-02T10:41:16.543832168 - Property change, unit:infantry owned by Russians property:wasInCombat newValue:true oldValue:false
[CHANGE] 2025-10-02T10:41:16.544493800 - CompositeChange <[CompositeChange <[Property change, unit:infantry owned by Russians property:alreadyMoved newValue:1 oldValue:0, CompositeChange <[Property change, unit:infantry owned by Russians property:alreadyMoved newValue:2 oldValue:0]>]>, Add unit change.  Add to: RussianStepTwo units: [infantry owned by Russians], Remove unit change. Remove from: RussianStepOne units: [infantry owned by Russians]]>
[CHANGE] 2025-10-02T10:41:16.846184688 - Change resource.  Resource:PUs quantity:0 Player:Russians
[CHANGE] 2025-10-02T10:41:16.847024985 - Russians takes TopBar from Neutral
[CHANGE] 2025-10-02T10:41:16.848360568 - Property change, unit:armour owned by Russians property:wasInCombat newValue:true oldValue:false
[CHANGE] 2025-10-02T10:41:16.848787063 - CompositeChange <[CompositeChange <[Property change, unit:armour owned by Russians property:alreadyMoved newValue:1 oldValue:0, CompositeChange <[Property change, unit:armour owned by Russians property:alreadyMoved newValue:3 oldValue:0]>]>, Add unit change.  Add to: TopBar units: [armour owned by Russians], Remove unit change. Remove from: RussianStartLeft units: [armour owned by Russians]]>
[CHANGE] 2025-10-02T10:41:18.188754069 - Change resource.  Resource:PUs quantity:0 Player:Russians
[CHANGE] 2025-10-02T10:41:18.189537595 - Russians takes LeftBar from Neutral
[CHANGE] 2025-10-02T10:41:18.190493038 - Property change, unit:infantry owned by Russians property:wasInCombat newValue:true oldValue:false
[CHANGE] 2025-10-02T10:41:18.191129679 - CompositeChange <[CompositeChange <[Property change, unit:infantry owned by Russians property:alreadyMoved newValue:1 oldValue:0, CompositeChange <[Property change, unit:infantry owned by Russians property:alreadyMoved newValue:2 oldValue:0]>]>, Add unit change.  Add to: LeftBar units: [infantry owned by Russians], Remove unit change. Remove from: RussianStartRight units: [infantry owned by Russians]]>
[CHANGE] 2025-10-02T10:41:19.552734771 - Adding Battle Records: [Russians={2ca75:IBattle.BattleType.NORMAL(type=Battle) battle in LeftBar, 79459:IBattle.BattleType.NORMAL(type=Battle) battle in RussianStepTwo, fadb6:IBattle.BattleType.NORMAL(type=Battle) battle in TopBar}]
[MY_MOVE] 2025-10-02T10:41:19.557514375 - noncombat
[CHANGE] 2025-10-02T10:41:19.564663739 - CompositeChange <[CompositeChange <[Property change, unit:infantry owned by Russians property:alreadyMoved newValue:1 oldValue:0, Property change, unit:artillery owned by Russians property:alreadyMoved newValue:1 oldValue:0]>, Add unit change.  Add to: RussianStart units: [infantry owned by Russians, artillery owned by Russians], Remove unit change. Remove from: RussianBase units: [infantry owned by Russians, artillery owned by Russians]]>
[CHANGE] 2025-10-02T10:41:19.866043371 - CompositeChange <[CompositeChange <[Property change, unit:armour owned by Russians property:alreadyMoved newValue:2 oldValue:0]>, Add unit change.  Add to: RussianStartLeft units: [armour owned by Russians], Remove unit change. Remove from: RussianBase units: [armour owned by Russians]]>
[CHANGE] 2025-10-02T10:41:20.183679557 - CompositeChange <[Property change, unit:infantry owned by Russians property:alreadyMoved newValue:0 oldValue:2, Property change, unit:infantry owned by Russians property:wasInCombat newValue:false oldValue:true, Property change, unit:armour owned by Russians property:alreadyMoved newValue:0 oldValue:2, Property change, unit:infantry owned by Russians property:alreadyMoved newValue:0 oldValue:1, Property change, unit:infantry owned by Russians property:alreadyMoved newValue:0 oldValue:2, Property change, unit:infantry owned by Russians property:wasInCombat newValue:false oldValue:true, Property change, unit:artillery owned by Russians property:alreadyMoved newValue:0 oldValue:1, Property change, unit:armour owned by Russians property:alreadyMoved newValue:0 oldValue:3, Property change, unit:armour owned by Russians property:wasInCombat newValue:false oldValue:true]>
[MY_MOVE] 2025-10-02T10:41:20.184316865 - place
[CHANGE] 2025-10-02T10:41:20.185269729 - CompositeChange <[Remove unit change. Remove from: Russians units: [armour owned by Russians], Add unit change.  Add to: RussianBase units: [armour owned by Russians]]>
[CHANGE] 2025-10-02T10:41:20.186203564 - CompositeChange <[Remove unit change. Remove from: Russians units: [infantry owned by Russians], Add unit change.  Add to: RussianBase units: [infantry owned by Russians]]>
[CHANGE] 2025-10-02T10:41:21.215933638 - CompositeChange <[Remove unit change. Remove from: Russians units: [armour owned by Russians], Add unit change.  Add to: RussianBase units: [armour owned by Russians]]>
[CHANGE] 2025-10-02T10:41:21.216950295 - CompositeChange <[Remove unit change. Remove from: Russians units: [armour owned by Russians], Add unit change.  Add to: RussianBase units: [armour owned by Russians]]>
[CHANGE] 2025-10-02T10:41:21.518255384 - Change resource.  Resource:PUs quantity:24 Player:Russians
[CHANGE] 2025-10-02T10:41:21.543963432 - CompositeChange <[Add unit change.  Add to: Italians units: [artillery owned by Italians, artillery owned by Italians, artillery owned by Italians, infantry owned by Italians, infantry owned by Italians], Change resource.  Resource:PUs quantity:-18 Player:Italians]>
[CHANGE] 2025-10-02T10:41:21.545603657 - Change resource.  Resource:PUs quantity:0 Player:Italians
[CHANGE] 2025-10-02T10:41:21.546031108 - Italians takes ItalianStepTwo from Neutral
[CHANGE] 2025-10-02T10:41:22.559467999 - Property change, unit:infantry owned by Italians property:wasInCombat newValue:true oldValue:false
[CHANGE] 2025-10-02T10:41:22.560143788 - CompositeChange <[CompositeChange <[Property change, unit:infantry owned by Italians property:alreadyMoved newValue:1 oldValue:0, CompositeChange <[Property change, unit:infantry owned by Italians property:alreadyMoved newValue:2 oldValue:0]>]>, Add unit change.  Add to: ItalianStepTwo units: [infantry owned by Italians], Remove unit change. Remove from: ItalianStepOne units: [infantry owned by Italians]]>
[CHANGE] 2025-10-02T10:41:22.861501107 - Change resource.  Resource:PUs quantity:0 Player:Italians
[CHANGE] 2025-10-02T10:41:22.862011759 - Italians takes RightBar from Neutral
[CHANGE] 2025-10-02T10:41:22.862491534 - Property change, unit:armour owned by Italians property:wasInCombat newValue:true oldValue:false
[CHANGE] 2025-10-02T10:41:22.862904037 - CompositeChange <[CompositeChange <[Property change, unit:armour owned by Italians property:alreadyMoved newValue:1 oldValue:0, CompositeChange <[Property change, unit:armour owned by Italians property:alreadyMoved newValue:3 oldValue:0]>]>, Add unit change.  Add to: RightBar units: [armour owned by Italians], Remove unit change. Remove from: ItalianStartLeft units: [armour owned by Italians]]>
[CHANGE] 2025-10-02T10:41:24.223690722 - Adding Battle Records: [Italians={620c2:IBattle.BattleType.NORMAL(type=Battle) battle in ItalianStepTwo, d9f19:IBattle.BattleType.NORMAL(type=Battle) battle in RightBar}]
[CHANGE] 2025-10-02T10:41:24.231123021 - CompositeChange <[CompositeChange <[Property change, unit:armour owned by Italians property:alreadyMoved newValue:2 oldValue:0]>, Add unit change.  Add to: ItalianStartLeft units: [armour owned by Italians], Remove unit change. Remove from: ItalianBase units: [armour owned by Italians]]>
[CHANGE] 2025-10-02T10:41:24.532431711 - CompositeChange <[CompositeChange <[Property change, unit:infantry owned by Italians property:alreadyMoved newValue:1 oldValue:0, Property change, unit:artillery owned by Italians property:alreadyMoved newValue:1 oldValue:0, Property change, unit:infantry owned by Italians property:alreadyMoved newValue:1 oldValue:0]>, Add unit change.  Add to: ItalianStart units: [infantry owned by Italians, artillery owned by Italians, infantry owned by Italians], Remove unit change. Remove from: ItalianBase units: [infantry owned by Italians, artillery owned by Italians, infantry owned by Italians]]>
[CHANGE] 2025-10-02T10:41:24.846774242 - CompositeChange <[Property change, unit:infantry owned by Italians property:alreadyMoved newValue:0 oldValue:1, Property change, unit:infantry owned by Italians property:alreadyMoved newValue:0 oldValue:1, Property change, unit:infantry owned by Italians property:alreadyMoved newValue:0 oldValue:2, Property change, unit:infantry owned by Italians property:wasInCombat newValue:false oldValue:true, Property change, unit:artillery owned by Italians property:alreadyMoved newValue:0 oldValue:1, Property change, unit:armour owned by Italians property:alreadyMoved newValue:0 oldValue:3, Property change, unit:armour owned by Italians property:wasInCombat newValue:false oldValue:true, Property change, unit:armour owned by Italians property:alreadyMoved newValue:0 oldValue:2]>
[CHANGE] 2025-10-02T10:41:24.848022580 - CompositeChange <[Remove unit change. Remove from: Italians units: [artillery owned by Italians], Add unit change.  Add to: ItalianBase units: [artillery owned by Italians]]>
[CHANGE] 2025-10-02T10:41:24.848976891 - CompositeChange <[Remove unit change. Remove from: Italians units: [infantry owned by Italians], Add unit change.  Add to: ItalianBase units: [infantry owned by Italians]]>
[CHANGE] 2025-10-02T10:41:24.849500533 - CompositeChange <[Remove unit change. Remove from: Italians units: [artillery owned by Italians], Add unit change.  Add to: ItalianBase units: [artillery owned by Italians]]>
[CHANGE] 2025-10-02T10:41:25.888824797 - CompositeChange <[Remove unit change. Remove from: Italians units: [infantry owned by Italians], Add unit change.  Add to: ItalianBase units: [infantry owned by Italians]]>
[CHANGE] 2025-10-02T10:41:25.889510958 - CompositeChange <[Remove unit change. Remove from: Italians units: [artillery owned by Italians], Add unit change.  Add to: ItalianBase units: [artillery owned by Italians]]>
[CHANGE] 2025-10-02T10:41:26.191038464 - Change resource.  Resource:PUs quantity:22 Player:Italians
[CHANGE] 2025-10-02T10:41:26.227477831 - CompositeChange <[Add unit change.  Add to: Germans units: [armour owned by Germans, armour owned by Germans, armour owned by Germans, infantry owned by Germans], Change resource.  Resource:PUs quantity:-18 Player:Germans]>
[CHANGE] 2025-10-02T10:41:26.229049597 - Change resource.  Resource:PUs quantity:0 Player:Germans
[CHANGE] 2025-10-02T10:41:26.229494326 - Germans takes BottomBar from Neutral
[CHANGE] 2025-10-02T10:41:26.229946175 - Property change, unit:armour owned by Germans property:wasInCombat newValue:true oldValue:false
[CHANGE] 2025-10-02T10:41:27.231622748 - CompositeChange <[CompositeChange <[Property change, unit:armour owned by Germans property:alreadyMoved newValue:1 oldValue:0, CompositeChange <[Property change, unit:armour owned by Germans property:alreadyMoved newValue:3 oldValue:0]>]>, Add unit change.  Add to: BottomBar units: [armour owned by Germans], Remove unit change. Remove from: GermanStartLeft units: [armour owned by Germans]]>
[CHANGE] 2025-10-02T10:41:27.533279936 - Change resource.  Resource:PUs quantity:0 Player:Germans
[CHANGE] 2025-10-02T10:41:27.534266853 - Germans takes GermanStepTwo from Neutral
[CHANGE] 2025-10-02T10:41:27.535323078 - Property change, unit:infantry owned by Germans property:wasInCombat newValue:true oldValue:false
[CHANGE] 2025-10-02T10:41:27.535922024 - CompositeChange <[CompositeChange <[Property change, unit:infantry owned by Germans property:alreadyMoved newValue:1 oldValue:0, CompositeChange <[Property change, unit:infantry owned by Germans property:alreadyMoved newValue:2 oldValue:0]>]>, Add unit change.  Add to: GermanStepTwo units: [infantry owned by Germans], Remove unit change. Remove from: GermanStepOne units: [infantry owned by Germans]]>
[CHANGE] 2025-10-02T10:41:28.895769951 - Adding Battle Records: [Germans={86333:IBattle.BattleType.NORMAL(type=Battle) battle in GermanStepTwo, 6d57c:IBattle.BattleType.NORMAL(type=Battle) battle in BottomBar}]
[CHANGE] 2025-10-02T10:41:28.904248733 - CompositeChange <[CompositeChange <[Property change, unit:infantry owned by Germans property:alreadyMoved newValue:1 oldValue:0]>, Add unit change.  Add to: GermanStart units: [infantry owned by Germans], Remove unit change. Remove from: GermanBase units: [infantry owned by Germans]]>
[CHANGE] 2025-10-02T10:41:29.205575361 - CompositeChange <[CompositeChange <[Property change, unit:armour owned by Germans property:alreadyMoved newValue:2 oldValue:0, Property change, unit:armour owned by Germans property:alreadyMoved newValue:2 oldValue:0, Property change, unit:armour owned by Germans property:alreadyMoved newValue:2 oldValue:0]>, Add unit change.  Add to: GermanStartRight units: [armour owned by Germans, armour owned by Germans, armour owned by Germans], Remove unit change. Remove from: GermanBase units: [armour owned by Germans, armour owned by Germans, armour owned by Germans]]>
[CHANGE] 2025-10-02T10:41:29.521435384 - CompositeChange <[Property change, unit:infantry owned by Germans property:alreadyMoved newValue:0 oldValue:1, Property change, unit:armour owned by Germans property:alreadyMoved newValue:0 oldValue:3, Property change, unit:armour owned by Germans property:wasInCombat newValue:false oldValue:true, Property change, unit:armour owned by Germans property:alreadyMoved newValue:0 oldValue:2, Property change, unit:armour owned by Germans property:alreadyMoved newValue:0 oldValue:2, Property change, unit:infantry owned by Germans property:alreadyMoved newValue:0 oldValue:2, Property change, unit:infantry owned by Germans property:wasInCombat newValue:false oldValue:true, Property change, unit:armour owned by Germans property:alreadyMoved newValue:0 oldValue:2]>
[CHANGE] 2025-10-02T10:41:29.523073627 - CompositeChange <[Remove unit change. Remove from: Germans units: [armour owned by Germans], Add unit change.  Add to: GermanBase units: [armour owned by Germans]]>
[CHANGE] 2025-10-02T10:41:29.523733041 - CompositeChange <[Remove unit change. Remove from: Germans units: [infantry owned by Germans], Add unit change.  Add to: GermanBase units: [infantry owned by Germans]]>
[CHANGE] 2025-10-02T10:41:29.524302304 - CompositeChange <[Remove unit change. Remove from: Germans units: [armour owned by Germans], Add unit change.  Add to: GermanBase units: [armour owned by Germans]]>
[CHANGE] 2025-10-02T10:41:30.561223870 - CompositeChange <[Remove unit change. Remove from: Germans units: [armour owned by Germans], Add unit change.  Add to: GermanBase units: [armour owned by Germans]]>
[CHANGE] 2025-10-02T10:41:30.862814415 - Change resource.  Resource:PUs quantity:22 Player:Germans
[CHANGE] 2025-10-02T10:41:30.894728760 - CompositeChange <[Add unit change.  Add to: Chinese units: [infantry owned by Chinese, armour owned by Chinese, armour owned by Chinese, armour owned by Chinese], Change resource.  Resource:PUs quantity:-18 Player:Chinese]>
[CHANGE] 2025-10-02T10:41:30.896261213 - Change resource.  Resource:PUs quantity:0 Player:Chinese
[CHANGE] 2025-10-02T10:41:30.896637521 - Chinese takes ChineseStepTwo from Neutral
[CHANGE] 2025-10-02T10:41:30.897187910 - Property change, unit:infantry owned by Chinese property:wasInCombat newValue:true oldValue:false
[CHANGE] 2025-10-02T10:41:31.903675493 - CompositeChange <[CompositeChange <[Property change, unit:infantry owned by Chinese property:alreadyMoved newValue:1 oldValue:0, CompositeChange <[Property change, unit:infantry owned by Chinese property:alreadyMoved newValue:2 oldValue:0]>]>, Add unit change.  Add to: ChineseStepTwo units: [infantry owned by Chinese], Remove unit change. Remove from: ChineseStepOne units: [infantry owned by Chinese]]>
[CHANGE] 2025-10-02T10:41:32.205362436 - Property change, unit:armour owned by Chinese property:alreadyMoved newValue:3 oldValue:0
[CHANGE] 2025-10-02T10:41:32.205926891 - CompositeChange <[CompositeChange <[Property change, unit:armour owned by Chinese property:alreadyMoved newValue:4 oldValue:3]>, Add unit change.  Add to: LeftBar units: [armour owned by Chinese], Remove unit change. Remove from: ChineseStartLeft units: [armour owned by Chinese]]>
[CHANGE] 2025-10-02T10:41:34.549602554 - Remove unit change. Remove from: LeftBar units: [armour owned by Chinese]
[CHANGE] 2025-10-02T10:41:34.550607518 - Remove unit change. Remove from: LeftBar units: [infantry owned by Russians]
[CHANGE] 2025-10-02T10:41:34.553539133 - Adding Battle Records: [Chinese={65bf8:IBattle.BattleType.NORMAL(type=Battle) battle in ChineseStepTwo, 220b2:IBattle.BattleType.NORMAL(type=Battle) battle in LeftBar}]
[CHANGE] 2025-10-02T10:41:34.576285527 - CompositeChange <[CompositeChange <[Property change, unit:infantry owned by Chinese property:alreadyMoved newValue:1 oldValue:0, Property change, unit:infantry owned by Chinese property:alreadyMoved newValue:1 oldValue:0]>, Add unit change.  Add to: ChineseStart units: [infantry owned by Chinese, infantry owned by Chinese], Remove unit change. Remove from: ChineseBase units: [infantry owned by Chinese, infantry owned by Chinese]]>
[CHANGE] 2025-10-02T10:41:35.917327543 - CompositeChange <[CompositeChange <[Property change, unit:armour owned by Chinese property:alreadyMoved newValue:2 oldValue:0, Property change, unit:armour owned by Chinese property:alreadyMoved newValue:2 oldValue:0]>, Add unit change.  Add to: ChineseStartLeft units: [armour owned by Chinese, armour owned by Chinese], Remove unit change. Remove from: ChineseBase units: [armour owned by Chinese, armour owned by Chinese]]>
[CHANGE] 2025-10-02T10:41:36.219216144 - CompositeChange <[CompositeChange <[Property change, unit:armour owned by Chinese property:alreadyMoved newValue:2 oldValue:0]>, Add unit change.  Add to: ChineseStartRight units: [armour owned by Chinese], Remove unit change. Remove from: ChineseBase units: [armour owned by Chinese]]>
[CHANGE] 2025-10-02T10:41:36.524796618 - CompositeChange <[Property change, unit:infantry owned by Chinese property:alreadyMoved newValue:0 oldValue:2, Property change, unit:infantry owned by Chinese property:wasInCombat newValue:false oldValue:true, Property change, unit:armour owned by Chinese property:alreadyMoved newValue:0 oldValue:2, Property change, unit:armour owned by Chinese property:alreadyMoved newValue:0 oldValue:2, Property change, unit:armour owned by Chinese property:alreadyMoved newValue:0 oldValue:2, Property change, unit:armour owned by Chinese property:alreadyMoved newValue:0 oldValue:4, Property change, unit:infantry owned by Chinese property:alreadyMoved newValue:0 oldValue:1, Property change, unit:infantry owned by Chinese property:alreadyMoved newValue:0 oldValue:1]>
[CHANGE] 2025-10-02T10:41:36.526048364 - CompositeChange <[Remove unit change. Remove from: Chinese units: [armour owned by Chinese], Add unit change.  Add to: ChineseBase units: [armour owned by Chinese]]>
[CHANGE] 2025-10-02T10:41:36.526701101 - CompositeChange <[Remove unit change. Remove from: Chinese units: [infantry owned by Chinese], Add unit change.  Add to: ChineseBase units: [infantry owned by Chinese]]>
[CHANGE] 2025-10-02T10:41:36.527198526 - CompositeChange <[Remove unit change. Remove from: Chinese units: [armour owned by Chinese], Add unit change.  Add to: ChineseBase units: [armour owned by Chinese]]>
[CHANGE] 2025-10-02T10:41:37.536578093 - CompositeChange <[Remove unit change. Remove from: Chinese units: [armour owned by Chinese], Add unit change.  Add to: ChineseBase units: [armour owned by Chinese]]>
[CHANGE] 2025-10-02T10:41:37.838403824 - Change resource.  Resource:PUs quantity:20 Player:Chinese
[INFO] 2025-10-02T10:41:37.857968950 - Starting Round 3
[MY_MOVE] 2025-10-02T10:41:37.858610011 - purchase
[CHANGE] 2025-10-02T10:41:37.988460460 - CompositeChange <[Add unit change.  Add to: Russians units: [infantry owned by Russians, infantry owned by Russians, infantry owned by Russians, armour owned by Russians, armour owned by Russians, armour owned by Russians], Change resource.  Resource:PUs quantity:-24 Player:Russians]>
[MY_MOVE] 2025-10-02T10:41:37.989471099 - combat
[CHANGE] 2025-10-02T10:41:37.991266324 - Property change, unit:armour owned by Russians property:alreadyMoved newValue:3 oldValue:0
[CHANGE] 2025-10-02T10:41:37.991715720 - CompositeChange <[CompositeChange <[Property change, unit:armour owned by Russians property:alreadyMoved newValue:5 oldValue:3]>, Add unit change.  Add to: ItalianStartRight units: [armour owned by Russians], Remove unit change. Remove from: RussianStartLeft units: [armour owned by Russians]]>
[CHANGE] 2025-10-02T10:41:39.309595028 - Property change, unit:armour owned by Russians property:alreadyMoved newValue:3 oldValue:0
[CHANGE] 2025-10-02T10:41:39.310408355 - CompositeChange <[CompositeChange <[Property change, unit:armour owned by Russians property:alreadyMoved newValue:4 oldValue:3]>, Add unit change.  Add to: ItalianStartRight units: [armour owned by Russians], Remove unit change. Remove from: TopBar units: [armour owned by Russians]]>
[CHANGE] 2025-10-02T10:41:41.636435806 - Remove unit change. Remove from: ItalianStartRight units: [armour owned by Russians]
[CHANGE] 2025-10-02T10:41:41.637246233 - Remove unit change. Remove from: ItalianStartRight units: [infantry owned by Italians]
[CHANGE] 2025-10-02T10:41:41.638142305 - Russians takes ItalianStartRight from Italians
[CHANGE] 2025-10-02T10:41:41.639067996 - Property change, unit:armour owned by Russians property:wasInCombat newValue:true oldValue:false
[CHANGE] 2025-10-02T10:41:42.655416675 - Adding Battle Records: [Russians={40efa:IBattle.BattleType.NORMAL(type=Battle) battle in ItalianStartRight}]
[MY_MOVE] 2025-10-02T10:41:42.660772679 - noncombat
[CHANGE] 2025-10-02T10:41:42.675399111 - CompositeChange <[CompositeChange <[Property change, unit:infantry owned by Russians property:alreadyMoved newValue:1 oldValue:0]>, Add unit change.  Add to: RussianStart units: [infantry owned by Russians], Remove unit change. Remove from: RussianBase units: [infantry owned by Russians]]>
[CHANGE] 2025-10-02T10:41:43.980033352 - CompositeChange <[CompositeChange <[Property change, unit:armour owned by Russians property:alreadyMoved newValue:2 oldValue:0, Property change, unit:armour owned by Russians property:alreadyMoved newValue:2 oldValue:0, Property change, unit:armour owned by Russians property:alreadyMoved newValue:2 oldValue:0]>, Add unit change.  Add to: RussianStartRight units: [armour owned by Russians, armour owned by Russians, armour owned by Russians], Remove unit change. Remove from: RussianBase units: [armour owned by Russians, armour owned by Russians, armour owned by Russians]]>
[CHANGE] 2025-10-02T10:41:44.281559705 - CompositeChange <[CompositeChange <[Property change, unit:infantry owned by Russians property:alreadyMoved newValue:1 oldValue:0, Property change, unit:artillery owned by Russians property:alreadyMoved newValue:1 oldValue:0]>, Add unit change.  Add to: RussianStartRight units: [infantry owned by Russians, artillery owned by Russians], Remove unit change. Remove from: RussianStart units: [infantry owned by Russians, artillery owned by Russians]]>
[CHANGE] 2025-10-02T10:41:44.591060393 - CompositeChange <[Property change, unit:armour owned by Russians property:alreadyMoved newValue:0 oldValue:2, Property change, unit:infantry owned by Russians property:alreadyMoved newValue:0 oldValue:1, Property change, unit:artillery owned by Russians property:alreadyMoved newValue:0 oldValue:1, Property change, unit:armour owned by Russians property:alreadyMoved newValue:0 oldValue:5, Property change, unit:armour owned by Russians property:wasInCombat newValue:false oldValue:true, Property change, unit:infantry owned by Russians property:alreadyMoved newValue:0 oldValue:1, Property change, unit:armour owned by Russians property:alreadyMoved newValue:0 oldValue:2, Property change, unit:armour owned by Russians property:alreadyMoved newValue:0 oldValue:2, Property change, unit:armour owned by Russians property:alreadyMoved newValue:0 oldValue:4]>
[MY_MOVE] 2025-10-02T10:41:44.592294966 - place
[CHANGE] 2025-10-02T10:41:44.594001910 - CompositeChange <[Remove unit change. Remove from: Russians units: [armour owned by Russians], Add unit change.  Add to: RussianBase units: [armour owned by Russians]]>
[CHANGE] 2025-10-02T10:41:44.595073226 - CompositeChange <[Remove unit change. Remove from: Russians units: [infantry owned by Russians], Add unit change.  Add to: RussianBase units: [infantry owned by Russians]]>
[CHANGE] 2025-10-02T10:41:45.600224832 - CompositeChange <[Remove unit change. Remove from: Russians units: [armour owned by Russians], Add unit change.  Add to: RussianBase units: [armour owned by Russians]]>
[CHANGE] 2025-10-02T10:41:45.605211583 - CompositeChange <[Remove unit change. Remove from: Russians units: [infantry owned by Russians], Add unit change.  Add to: RussianBase units: [infantry owned by Russians]]>
[CHANGE] 2025-10-02T10:41:45.607244002 - CompositeChange <[Remove unit change. Remove from: Russians units: [infantry owned by Russians], Add unit change.  Add to: RussianBase units: [infantry owned by Russians]]>
[CHANGE] 2025-10-02T10:41:46.624752810 - CompositeChange <[Remove unit change. Remove from: Russians units: [armour owned by Russians], Add unit change.  Add to: RussianBase units: [armour owned by Russians]]>
[CHANGE] 2025-10-02T10:41:46.926303449 - Change resource.  Resource:PUs quantity:26 Player:Russians
[CHANGE] 2025-10-02T10:41:46.957211202 - CompositeChange <[Add unit change.  Add to: Italians units: [infantry owned by Italians, infantry owned by Italians, infantry owned by Italians, infantry owned by Italians, armour owned by Italians, armour owned by Italians], Change resource.  Resource:PUs quantity:-22 Player:Italians]>
[CHANGE] 2025-10-02T10:41:46.958525434 - CompositeChange <[Property change, unit:artillery owned by Italians property:alreadyMoved newValue:2 oldValue:0, Property change, unit:infantry owned by Italians property:alreadyMoved newValue:2 oldValue:0, Property change, unit:infantry owned by Italians property:alreadyMoved newValue:2 oldValue:0]>
[CHANGE] 2025-10-02T10:41:46.958869989 - CompositeChange <[CompositeChange <[Property change, unit:artillery owned by Italians property:alreadyMoved newValue:3 oldValue:2, Property change, unit:infantry owned by Italians property:alreadyMoved newValue:3 oldValue:2, Property change, unit:infantry owned by Italians property:alreadyMoved newValue:3 oldValue:2]>, Add unit change.  Add to: ItalianStartRight units: [artillery owned by Italians, infantry owned by Italians, infantry owned by Italians], Remove unit change. Remove from: ItalianStart units: [artillery owned by Italians, infantry owned by Italians, infantry owned by Italians]]>
[CHANGE] 2025-10-02T10:41:48.268238777 - Property change, unit:armour owned by Italians property:alreadyMoved newValue:3 oldValue:0
[CHANGE] 2025-10-02T10:41:48.268879350 - CompositeChange <[CompositeChange <[Property change, unit:armour owned by Italians property:alreadyMoved newValue:5 oldValue:3]>, Add unit change.  Add to: ItalianStartRight units: [armour owned by Italians], Remove unit change. Remove from: ItalianStartLeft units: [armour owned by Italians]]>
[CHANGE] 2025-10-02T10:41:50.598416612 - Remove unit change. Remove from: ItalianStartRight units: [armour owned by Russians]
[CHANGE] 2025-10-02T10:41:50.599478377 - Italians takes ItalianStartRight from Russians
[CHANGE] 2025-10-02T10:41:50.600489948 - CompositeChange <[Property change, unit:armour owned by Italians property:wasInCombat newValue:true oldValue:false, Property change, unit:artillery owned by Italians property:wasInCombat newValue:true oldValue:false, Property change, unit:infantry owned by Italians property:wasInCombat newValue:true oldValue:false, Property change, unit:infantry owned by Italians property:wasInCombat newValue:true oldValue:false]>
[CHANGE] 2025-10-02T10:41:50.601233448 - Adding Battle Records: [Italians={5c90c:IBattle.BattleType.NORMAL(type=Battle) battle in ItalianStartRight}]
[CHANGE] 2025-10-02T10:41:51.627556602 - CompositeChange <[CompositeChange <[Property change, unit:artillery owned by Italians property:alreadyMoved newValue:1 oldValue:0, Property change, unit:infantry owned by Italians property:alreadyMoved newValue:1 oldValue:0, Property change, unit:artillery owned by Italians property:alreadyMoved newValue:1 oldValue:0, Property change, unit:infantry owned by Italians property:alreadyMoved newValue:1 oldValue:0, Property change, unit:artillery owned by Italians property:alreadyMoved newValue:1 oldValue:0]>, Add unit change.  Add to: ItalianStart units: [artillery owned by Italians, infantry owned by Italians, artillery owned by Italians, infantry owned by Italians, artillery owned by Italians], Remove unit change. Remove from: ItalianBase units: [artillery owned by Italians, infantry owned by Italians, artillery owned by Italians, infantry owned by Italians, artillery owned by Italians]]>
[CHANGE] 2025-10-02T10:41:51.944724822 - CompositeChange <[Property change, unit:artillery owned by Italians property:alreadyMoved newValue:0 oldValue:3, Property change, unit:artillery owned by Italians property:wasInCombat newValue:false oldValue:true, Property change, unit:armour owned by Italians property:alreadyMoved newValue:0 oldValue:5, Property change, unit:armour owned by Italians property:wasInCombat newValue:false oldValue:true, Property change, unit:infantry owned by Italians property:alreadyMoved newValue:0 oldValue:1, Property change, unit:infantry owned by Italians property:alreadyMoved newValue:0 oldValue:3, Property change, unit:infantry owned by Italians property:wasInCombat newValue:false oldValue:true, Property change, unit:artillery owned by Italians property:alreadyMoved newValue:0 oldValue:1, Property change, unit:infantry owned by Italians property:alreadyMoved newValue:0 oldValue:3, Property change, unit:infantry owned by Italians property:wasInCombat newValue:false oldValue:true, Property change, unit:artillery owned by Italians property:alreadyMoved newValue:0 oldValue:1, Property change, unit:infantry owned by Italians property:alreadyMoved newValue:0 oldValue:1, Property change, unit:artillery owned by Italians property:alreadyMoved newValue:0 oldValue:1]>
[CHANGE] 2025-10-02T10:41:51.945982742 - CompositeChange <[Remove unit change. Remove from: Italians units: [infantry owned by Italians], Add unit change.  Add to: ItalianBase units: [infantry owned by Italians]]>
[CHANGE] 2025-10-02T10:41:51.946686946 - CompositeChange <[Remove unit change. Remove from: Italians units: [armour owned by Italians], Add unit change.  Add to: ItalianBase units: [armour owned by Italians]]>
[CHANGE] 2025-10-02T10:41:51.947423349 - CompositeChange <[Remove unit change. Remove from: Italians units: [infantry owned by Italians], Add unit change.  Add to: ItalianBase units: [infantry owned by Italians]]>
[CHANGE] 2025-10-02T10:41:52.961243239 - CompositeChange <[Remove unit change. Remove from: Italians units: [armour owned by Italians], Add unit change.  Add to: ItalianBase units: [armour owned by Italians]]>
[CHANGE] 2025-10-02T10:41:52.962496349 - CompositeChange <[Remove unit change. Remove from: Italians units: [infantry owned by Italians], Add unit change.  Add to: ItalianBase units: [infantry owned by Italians]]>
[CHANGE] 2025-10-02T10:41:52.963420428 - CompositeChange <[Remove unit change. Remove from: Italians units: [infantry owned by Italians], Add unit change.  Add to: ItalianBase units: [infantry owned by Italians]]>
[CHANGE] 2025-10-02T10:41:54.284320928 - Change resource.  Resource:PUs quantity:22 Player:Italians
[CHANGE] 2025-10-02T10:41:54.321126851 - CompositeChange <[Add unit change.  Add to: Germans units: [armour owned by Germans, armour owned by Germans, infantry owned by Germans, infantry owned by Germans, infantry owned by Germans, infantry owned by Germans], Change resource.  Resource:PUs quantity:-22 Player:Germans]>
[CHANGE] 2025-10-02T10:41:54.322547165 - CompositeChange <[Property change, unit:armour owned by Germans property:alreadyMoved newValue:3 oldValue:0, Property change, unit:armour owned by Germans property:alreadyMoved newValue:3 oldValue:0, Property change, unit:infantry owned by Germans property:alreadyMoved newValue:2 oldValue:0]>
[CHANGE] 2025-10-02T10:41:54.322911026 - CompositeChange <[CompositeChange <[Property change, unit:armour owned by Germans property:alreadyMoved newValue:4 oldValue:3, Property change, unit:armour owned by Germans property:alreadyMoved newValue:4 oldValue:3, Property change, unit:infantry owned by Germans property:alreadyMoved newValue:3 oldValue:2]>, Add unit change.  Add to: RightBar units: [armour owned by Germans, armour owned by Germans, infantry owned by Germans], Remove unit change. Remove from: GermanStartRight units: [armour owned by Germans, armour owned by Germans, infantry owned by Germans]]>
[CHANGE] 2025-10-02T10:41:57.654917234 - Remove unit change. Remove from: RightBar units: [infantry owned by Germans]
[CHANGE] 2025-10-02T10:41:57.655420248 - Remove unit change. Remove from: RightBar units: [armour owned by Italians]
[CHANGE] 2025-10-02T10:41:57.656306920 - Germans takes RightBar from Italians
[CHANGE] 2025-10-02T10:41:57.657253922 - CompositeChange <[Property change, unit:armour owned by Germans property:wasInCombat newValue:true oldValue:false, Property change, unit:armour owned by Germans property:wasInCombat newValue:true oldValue:false]>
[CHANGE] 2025-10-02T10:41:58.719652272 - Adding Battle Records: [Germans={b67e3:IBattle.BattleType.NORMAL(type=Battle) battle in RightBar}]
[CHANGE] 2025-10-02T10:41:58.736417334 - CompositeChange <[CompositeChange <[Property change, unit:armour owned by Germans property:alreadyMoved newValue:2 oldValue:0, Property change, unit:armour owned by Germans property:alreadyMoved newValue:2 oldValue:0, Property change, unit:armour owned by Germans property:alreadyMoved newValue:2 oldValue:0]>, Add unit change.  Add to: GermanStartLeft units: [armour owned by Germans, armour owned by Germans, armour owned by Germans], Remove unit change. Remove from: GermanBase units: [armour owned by Germans, armour owned by Germans, armour owned by Germans]]>
[CHANGE] 2025-10-02T10:41:59.037894908 - CompositeChange <[CompositeChange <[Property change, unit:infantry owned by Germans property:alreadyMoved newValue:1 oldValue:0]>, Add unit change.  Add to: GermanStartLeft units: [infantry owned by Germans], Remove unit change. Remove from: GermanStart units: [infantry owned by Germans]]>
[CHANGE] 2025-10-02T10:41:59.339628927 - CompositeChange <[CompositeChange <[Property change, unit:armour owned by Germans property:alreadyMoved newValue:1 oldValue:0]>, Add unit change.  Add to: RightBar units: [armour owned by Germans], Remove unit change. Remove from: GermanStartRight units: [armour owned by Germans]]>
[CHANGE] 2025-10-02T10:41:59.641430173 - CompositeChange <[CompositeChange <[Property change, unit:infantry owned by Germans property:alreadyMoved newValue:1 oldValue:0]>, Add unit change.  Add to: GermanStart units: [infantry owned by Germans], Remove unit change. Remove from: GermanBase units: [infantry owned by Germans]]>
[CHANGE] 2025-10-02T10:41:59.960684807 - CompositeChange <[Property change, unit:infantry owned by Germans property:alreadyMoved newValue:0 oldValue:1, Property change, unit:armour owned by Germans property:alreadyMoved newValue:0 oldValue:2, Property change, unit:armour owned by Germans property:alreadyMoved newValue:0 oldValue:4, Property change, unit:armour owned by Germans property:wasInCombat newValue:false oldValue:true, Property change, unit:infantry owned by Germans property:alreadyMoved newValue:0 oldValue:3, Property change, unit:infantry owned by Germans property:alreadyMoved newValue:0 oldValue:1, Property change, unit:armour owned by Germans property:alreadyMoved newValue:0 oldValue:1, Property change, unit:armour owned by Germans property:alreadyMoved newValue:0 oldValue:2, Property change, unit:armour owned by Germans property:alreadyMoved newValue:0 oldValue:2, Property change, unit:armour owned by Germans property:alreadyMoved newValue:0 oldValue:4, Property change, unit:armour owned by Germans property:wasInCombat newValue:false oldValue:true]>
[CHANGE] 2025-10-02T10:41:59.961962255 - CompositeChange <[Remove unit change. Remove from: Germans units: [infantry owned by Germans], Add unit change.  Add to: GermanBase units: [infantry owned by Germans]]>
[CHANGE] 2025-10-02T10:41:59.962664734 - CompositeChange <[Remove unit change. Remove from: Germans units: [armour owned by Germans], Add unit change.  Add to: GermanBase units: [armour owned by Germans]]>
[CHANGE] 2025-10-02T10:41:59.963323538 - CompositeChange <[Remove unit change. Remove from: Germans units: [infantry owned by Germans], Add unit change.  Add to: GermanBase units: [infantry owned by Germans]]>
[CHANGE] 2025-10-02T10:42:01.024041872 - CompositeChange <[Remove unit change. Remove from: Germans units: [armour owned by Germans], Add unit change.  Add to: GermanBase units: [armour owned by Germans]]>
[CHANGE] 2025-10-02T10:42:01.025000541 - CompositeChange <[Remove unit change. Remove from: Germans units: [infantry owned by Germans], Add unit change.  Add to: GermanBase units: [infantry owned by Germans]]>
[CHANGE] 2025-10-02T10:42:01.025850931 - CompositeChange <[Remove unit change. Remove from: Germans units: [infantry owned by Germans], Add unit change.  Add to: GermanBase units: [infantry owned by Germans]]>
[INFO] 2025-10-02T10:44:05.778886158 - Role: Germans
[INFO] 2025-10-02T10:44:06.377471520 - Starting Round 1
[CHANGE] 2025-10-02T10:44:06.386627320 - CompositeChange <[ChangAttachmentChange attached to:RussianBase name:territoryAttachment new value:PlayerId named: Russians old value:null, CompositeChange <[Property change, unit:factory owned by Russians property:originalOwner newValue:PlayerId named: Russians oldValue:null]>, ChangAttachmentChange attached to:ItalianBase name:territoryAttachment new value:PlayerId named: Italians old value:null, CompositeChange <[Property change, unit:factory owned by Italians property:originalOwner newValue:PlayerId named: Italians oldValue:null]>, ChangAttachmentChange attached to:GermanBase name:territoryAttachment new value:PlayerId named: Germans old value:null, CompositeChange <[Property change, unit:factory owned by Germans property:originalOwner newValue:PlayerId named: Germans oldValue:null]>, ChangAttachmentChange attached to:ChineseBase name:territoryAttachment new value:PlayerId named: Chinese old value:null, CompositeChange <[Property change, unit:factory owned by Chinese property:originalOwner newValue:PlayerId named: Chinese oldValue:null]>, ChangAttachmentChange attached to:RussianStart name:territoryAttachment new value:PlayerId named: Russians old value:null, ChangAttachmentChange attached to:ItalianStart name:territoryAttachment new value:PlayerId named: Italians old value:null, ChangAttachmentChange attached to:GermanStart name:territoryAttachment new value:PlayerId named: Germans old value:null, ChangAttachmentChange attached to:ChineseStart name:territoryAttachment new value:PlayerId named: Chinese old value:null]>
[CHANGE] 2025-10-02T10:44:06.389160264 - CompositeChange <[Germans changed from null: no_one to AI:TripleMind (AI), Italians changed from null: no_one to AI:Fast (AI), Chinese changed from null: no_one to AI:Fast (AI), Russians changed from null: no_one to AI:Fast (AI)]>
[CHANGE] 2025-10-02T10:44:06.555458834 - CompositeChange <[Add unit change.  Add to: Russians units: [armour owned by Russians, artillery owned by Russians, infantry owned by Russians], Change resource.  Resource:PUs quantity:-12 Player:Russians]>
[CHANGE] 2025-10-02T10:44:06.579629513 - Change resource.  Resource:PUs quantity:0 Player:Russians
[CHANGE] 2025-10-02T10:44:06.580311463 - Russians takes RussianStartLeft from Neutral
[CHANGE] 2025-10-02T10:44:06.582586359 - Property change, unit:armour owned by Russians property:wasInCombat newValue:true oldValue:false
[CHANGE] 2025-10-02T10:44:06.583103856 - CompositeChange <[CompositeChange <[Property change, unit:armour owned by Russians property:alreadyMoved newValue:2 oldValue:0, CompositeChange <[Property change, unit:armour owned by Russians property:alreadyMoved newValue:3 oldValue:0]>]>, Add unit change.  Add to: RussianStartLeft units: [armour owned by Russians], Remove unit change. Remove from: RussianBase units: [armour owned by Russians]]>
[CHANGE] 2025-10-02T10:44:07.917410572 - Change resource.  Resource:PUs quantity:0 Player:Russians
[CHANGE] 2025-10-02T10:44:07.918148075 - Russians takes RussianStartRight from Neutral
[CHANGE] 2025-10-02T10:44:07.919295724 - Property change, unit:infantry owned by Russians property:wasInCombat newValue:true oldValue:false
[CHANGE] 2025-10-02T10:44:07.919995439 - CompositeChange <[CompositeChange <[Property change, unit:infantry owned by Russians property:alreadyMoved newValue:1 oldValue:0, CompositeChange <[Property change, unit:infantry owned by Russians property:alreadyMoved newValue:2 oldValue:0]>]>, Add unit change.  Add to: RussianStartRight units: [infantry owned by Russians], Remove unit change. Remove from: RussianStart units: [infantry owned by Russians]]>
[CHANGE] 2025-10-02T10:44:09.260666937 - Change resource.  Resource:PUs quantity:0 Player:Russians
[CHANGE] 2025-10-02T10:44:09.261469851 - Russians takes RussianStepOne from Neutral
[CHANGE] 2025-10-02T10:44:09.262257545 - Property change, unit:infantry owned by Russians property:wasInCombat newValue:true oldValue:false
[CHANGE] 2025-10-02T10:44:09.262913819 - CompositeChange <[CompositeChange <[Property change, unit:infantry owned by Russians property:alreadyMoved newValue:1 oldValue:0, CompositeChange <[Property change, unit:infantry owned by Russians property:alreadyMoved newValue:2 oldValue:0]>]>, Add unit change.  Add to: RussianStepOne units: [infantry owned by Russians], Remove unit change. Remove from: RussianStart units: [infantry owned by Russians]]>
[CHANGE] 2025-10-02T10:44:10.630026773 - Adding Battle Records: [Russians={1fa64:IBattle.BattleType.NORMAL(type=Battle) battle in RussianStepOne, 9c305:IBattle.BattleType.NORMAL(type=Battle) battle in RussianStartRight, f73b8:IBattle.BattleType.NORMAL(type=Battle) battle in RussianStartLeft}]
[CHANGE] 2025-10-02T10:44:10.637222829 - CompositeChange <[Property change, unit:infantry owned by Russians property:alreadyMoved newValue:0 oldValue:2, Property change, unit:infantry owned by Russians property:wasInCombat newValue:false oldValue:true, Property change, unit:infantry owned by Russians property:alreadyMoved newValue:0 oldValue:2, Property change, unit:infantry owned by Russians property:wasInCombat newValue:false oldValue:true, Property change, unit:armour owned by Russians property:alreadyMoved newValue:0 oldValue:3, Property change, unit:armour owned by Russians property:wasInCombat newValue:false oldValue:true]>
[CHANGE] 2025-10-02T10:44:10.640331219 - CompositeChange <[Remove unit change. Remove from: Russians units: [armour owned by Russians], Add unit change.  Add to: RussianBase units: [armour owned by Russians]]>
[CHANGE] 2025-10-02T10:44:10.641923659 - CompositeChange <[Remove unit change. Remove from: Russians units: [infantry owned by Russians], Add unit change.  Add to: RussianBase units: [infantry owned by Russians]]>
[INFO] 2025-10-02T10:45:23.534004258 - Role: Russians
[INFO] 2025-10-02T10:45:24.148553845 - Starting Round 1
[CHANGE] 2025-10-02T10:45:24.157670792 - CompositeChange <[ChangAttachmentChange attached to:RussianBase name:territoryAttachment new value:PlayerId named: Russians old value:null, CompositeChange <[Property change, unit:factory owned by Russians property:originalOwner newValue:PlayerId named: Russians oldValue:null]>, ChangAttachmentChange attached to:ItalianBase name:territoryAttachment new value:PlayerId named: Italians old value:null, CompositeChange <[Property change, unit:factory owned by Italians property:originalOwner newValue:PlayerId named: Italians oldValue:null]>, ChangAttachmentChange attached to:GermanBase name:territoryAttachment new value:PlayerId named: Germans old value:null, CompositeChange <[Property change, unit:factory owned by Germans property:originalOwner newValue:PlayerId named: Germans oldValue:null]>, ChangAttachmentChange attached to:ChineseBase name:territoryAttachment new value:PlayerId named: Chinese old value:null, CompositeChange <[Property change, unit:factory owned by Chinese property:originalOwner newValue:PlayerId named: Chinese oldValue:null]>, ChangAttachmentChange attached to:RussianStart name:territoryAttachment new value:PlayerId named: Russians old value:null, ChangAttachmentChange attached to:ItalianStart name:territoryAttachment new value:PlayerId named: Italians old value:null, ChangAttachmentChange attached to:GermanStart name:territoryAttachment new value:PlayerId named: Germans old value:null, ChangAttachmentChange attached to:ChineseStart name:territoryAttachment new value:PlayerId named: Chinese old value:null]>
[CHANGE] 2025-10-02T10:45:24.161094061 - CompositeChange <[Germans changed from null: no_one to AI:Fast (AI), Italians changed from null: no_one to AI:Fast (AI), Chinese changed from null: no_one to AI:Fast (AI), Russians changed from null: no_one to AI:TripleMind (AI)]>
[MY_MOVE] 2025-10-02T10:45:24.212850981 - purchase
[CHANGE] 2025-10-02T10:45:24.332316351 - CompositeChange <[Add unit change.  Add to: Russians units: [artillery owned by Russians, infantry owned by Russians, armour owned by Russians], Change resource.  Resource:PUs quantity:-12 Player:Russians]>
[MY_MOVE] 2025-10-02T10:45:24.357041776 - combat
[CHANGE] 2025-10-02T10:45:24.359943021 - Change resource.  Resource:PUs quantity:0 Player:Russians
[CHANGE] 2025-10-02T10:45:24.360742904 - Russians takes RussianStartLeft from Neutral
[CHANGE] 2025-10-02T10:45:24.364011695 - Property change, unit:armour owned by Russians property:wasInCombat newValue:true oldValue:false
[CHANGE] 2025-10-02T10:45:25.376005643 - CompositeChange <[CompositeChange <[Property change, unit:armour owned by Russians property:alreadyMoved newValue:2 oldValue:0, CompositeChange <[Property change, unit:armour owned by Russians property:alreadyMoved newValue:3 oldValue:0]>]>, Add unit change.  Add to: RussianStartLeft units: [armour owned by Russians], Remove unit change. Remove from: RussianBase units: [armour owned by Russians]]>
[CHANGE] 2025-10-02T10:45:25.678667893 - Change resource.  Resource:PUs quantity:0 Player:Russians
[CHANGE] 2025-10-02T10:45:25.679259835 - Russians takes RussianStartRight from Neutral
[CHANGE] 2025-10-02T10:45:25.679907049 - Property change, unit:infantry owned by Russians property:wasInCombat newValue:true oldValue:false
[CHANGE] 2025-10-02T10:45:25.680649208 - CompositeChange <[CompositeChange <[Property change, unit:infantry owned by Russians property:alreadyMoved newValue:1 oldValue:0, CompositeChange <[Property change, unit:infantry owned by Russians property:alreadyMoved newValue:2 oldValue:0]>]>, Add unit change.  Add to: RussianStartRight units: [infantry owned by Russians], Remove unit change. Remove from: RussianStart units: [infantry owned by Russians]]>
[CHANGE] 2025-10-02T10:45:27.021846845 - Change resource.  Resource:PUs quantity:0 Player:Russians
[CHANGE] 2025-10-02T10:45:27.023112949 - Russians takes RussianStepOne from Neutral
[CHANGE] 2025-10-02T10:45:27.024053057 - Property change, unit:infantry owned by Russians property:wasInCombat newValue:true oldValue:false
[CHANGE] 2025-10-02T10:45:27.024769282 - CompositeChange <[CompositeChange <[Property change, unit:infantry owned by Russians property:alreadyMoved newValue:1 oldValue:0, CompositeChange <[Property change, unit:infantry owned by Russians property:alreadyMoved newValue:2 oldValue:0]>]>, Add unit change.  Add to: RussianStepOne units: [infantry owned by Russians], Remove unit change. Remove from: RussianStart units: [infantry owned by Russians]]>
[CHANGE] 2025-10-02T10:45:28.389994517 - Adding Battle Records: [Russians={3c81b:IBattle.BattleType.NORMAL(type=Battle) battle in RussianStepOne, c0c88:IBattle.BattleType.NORMAL(type=Battle) battle in RussianStartLeft, 253ce:IBattle.BattleType.NORMAL(type=Battle) battle in RussianStartRight}]
[CHANGE] 2025-10-02T10:45:28.398576262 - CompositeChange <[Property change, unit:infantry owned by Russians property:alreadyMoved newValue:0 oldValue:2, Property change, unit:infantry owned by Russians property:wasInCombat newValue:false oldValue:true, Property change, unit:armour owned by Russians property:alreadyMoved newValue:0 oldValue:3, Property change, unit:armour owned by Russians property:wasInCombat newValue:false oldValue:true, Property change, unit:infantry owned by Russians property:alreadyMoved newValue:0 oldValue:2, Property change, unit:infantry owned by Russians property:wasInCombat newValue:false oldValue:true]>
[MY_MOVE] 2025-10-02T10:45:28.399317383 - place
[CHANGE] 2025-10-02T10:45:28.402602803 - CompositeChange <[Remove unit change. Remove from: Russians units: [armour owned by Russians], Add unit change.  Add to: RussianBase units: [armour owned by Russians]]>
[CHANGE] 2025-10-02T10:45:29.410286051 - CompositeChange <[Remove unit change. Remove from: Russians units: [infantry owned by Russians], Add unit change.  Add to: RussianBase units: [infantry owned by Russians]]>
[CHANGE] 2025-10-02T10:45:29.411963212 - CompositeChange <[Remove unit change. Remove from: Russians units: [artillery owned by Russians], Add unit change.  Add to: RussianBase units: [artillery owned by Russians]]>
[CHANGE] 2025-10-02T10:45:29.717621593 - Change resource.  Resource:PUs quantity:18 Player:Russians
[CHANGE] 2025-10-02T10:45:29.770814851 - CompositeChange <[Add unit change.  Add to: Italians units: [infantry owned by Italians, infantry owned by Italians, armour owned by Italians, artillery owned by Italians], Change resource.  Resource:PUs quantity:-15 Player:Italians]>
[CHANGE] 2025-10-02T10:45:29.772583584 - Change resource.  Resource:PUs quantity:0 Player:Italians
[CHANGE] 2025-10-02T10:45:29.772920335 - Italians takes ItalianStartLeft from Neutral
[CHANGE] 2025-10-02T10:45:29.773547349 - Property change, unit:armour owned by Italians property:wasInCombat newValue:true oldValue:false
[INFO] 2025-10-02T10:47:41.323411758 - Role: Chinese
[INFO] 2025-10-02T10:47:43.800059222 - Starting Round 1
[CHANGE] 2025-10-02T10:47:44.656191303 - CompositeChange <[ChangAttachmentChange attached to:RussianBase name:territoryAttachment new value:PlayerId named: Russians old value:null, CompositeChange <[Property change, unit:factory owned by Russians property:originalOwner newValue:PlayerId named: Russians oldValue:null]>, ChangAttachmentChange attached to:ItalianBase name:territoryAttachment new value:PlayerId named: Italians old value:null, CompositeChange <[Property change, unit:factory owned by Italians property:originalOwner newValue:PlayerId named: Italians oldValue:null]>, ChangAttachmentChange attached to:GermanBase name:territoryAttachment new value:PlayerId named: Germans old value:null, CompositeChange <[Property change, unit:factory owned by Germans property:originalOwner newValue:PlayerId named: Germans oldValue:null]>, ChangAttachmentChange attached to:ChineseBase name:territoryAttachment new value:PlayerId named: Chinese old value:null, CompositeChange <[Property change, unit:factory owned by Chinese property:originalOwner newValue:PlayerId named: Chinese oldValue:null]>, ChangAttachmentChange attached to:RussianStart name:territoryAttachment new value:PlayerId named: Russians old value:null, ChangAttachmentChange attached to:ItalianStart name:territoryAttachment new value:PlayerId named: Italians old value:null, ChangAttachmentChange attached to:GermanStart name:territoryAttachment new value:PlayerId named: Germans old value:null, ChangAttachmentChange attached to:ChineseStart name:territoryAttachment new value:PlayerId named: Chinese old value:null]>
[CHANGE] 2025-10-02T10:47:45.265484017 - CompositeChange <[Germans changed from null: no_one to AI:Fast (AI), Italians changed from null: no_one to AI:Fast (AI), Chinese changed from null: no_one to AI:TripleMind (AI), Russians changed from null: no_one to AI:Fast (AI)]>
[CHANGE] 2025-10-02T10:47:46.891512141 - CompositeChange <[Add unit change.  Add to: Russians units: [infantry owned by Russians, armour owned by Russians, artillery owned by Russians], Change resource.  Resource:PUs quantity:-12 Player:Russians]>
[CHANGE] 2025-10-02T10:47:47.599699995 - Change resource.  Resource:PUs quantity:0 Player:Russians
[INFO] 2025-10-02T10:51:24.460198980 - Role: Chinese
[INFO] 2025-10-02T10:51:25.102300137 - Starting Round 1
[CHANGE] 2025-10-02T10:51:25.110943056 - CompositeChange <[ChangAttachmentChange attached to:RussianBase name:territoryAttachment new value:PlayerId named: Russians old value:null, CompositeChange <[Property change, unit:factory owned by Russians property:originalOwner newValue:PlayerId named: Russians oldValue:null]>, ChangAttachmentChange attached to:ItalianBase name:territoryAttachment new value:PlayerId named: Italians old value:null, CompositeChange <[Property change, unit:factory owned by Italians property:originalOwner newValue:PlayerId named: Italians oldValue:null]>, ChangAttachmentChange attached to:GermanBase name:territoryAttachment new value:PlayerId named: Germans old value:null, CompositeChange <[Property change, unit:factory owned by Germans property:originalOwner newValue:PlayerId named: Germans oldValue:null]>, ChangAttachmentChange attached to:ChineseBase name:territoryAttachment new value:PlayerId named: Chinese old value:null, CompositeChange <[Property change, unit:factory owned by Chinese property:originalOwner newValue:PlayerId named: Chinese oldValue:null]>, ChangAttachmentChange attached to:RussianStart name:territoryAttachment new value:PlayerId named: Russians old value:null, ChangAttachmentChange attached to:ItalianStart name:territoryAttachment new value:PlayerId named: Italians old value:null, ChangAttachmentChange attached to:GermanStart name:territoryAttachment new value:PlayerId named: Germans old value:null, ChangAttachmentChange attached to:ChineseStart name:territoryAttachment new value:PlayerId named: Chinese old value:null]>
[CHANGE] 2025-10-02T10:51:25.113894526 - CompositeChange <[Germans changed from null: no_one to AI:Fast (AI), Italians changed from null: no_one to AI:Fast (AI), Chinese changed from null: no_one to AI:TripleMind (AI), Russians changed from null: no_one to AI:Fast (AI)]>
[CHANGE] 2025-10-02T10:51:25.274189876 - CompositeChange <[Add unit change.  Add to: Russians units: [artillery owned by Russians, armour owned by Russians, infantry owned by Russians], Change resource.  Resource:PUs quantity:-12 Player:Russians]>
[CHANGE] 2025-10-02T10:51:25.297021611 - Change resource.  Resource:PUs quantity:0 Player:Russians
[CHANGE] 2025-10-02T10:51:25.297641065 - Russians takes RussianStartLeft from Neutral
[CHANGE] 2025-10-02T10:51:25.299483130 - Property change, unit:armour owned by Russians property:wasInCombat newValue:true oldValue:false
[CHANGE] 2025-10-02T10:51:26.336118560 - CompositeChange <[CompositeChange <[Property change, unit:armour owned by Russians property:alreadyMoved newValue:2 oldValue:0, CompositeChange <[Property change, unit:armour owned by Russians property:alreadyMoved newValue:3 oldValue:0]>]>, Add unit change.  Add to: RussianStartLeft units: [armour owned by Russians], Remove unit change. Remove from: RussianBase units: [armour owned by Russians]]>
[CHANGE] 2025-10-02T10:51:26.638938197 - Change resource.  Resource:PUs quantity:0 Player:Russians
[CHANGE] 2025-10-02T10:51:26.639699441 - Russians takes RussianStartRight from Neutral
[CHANGE] 2025-10-02T10:51:26.640486568 - Property change, unit:infantry owned by Russians property:wasInCombat newValue:true oldValue:false
[CHANGE] 2025-10-02T10:51:26.641087208 - CompositeChange <[CompositeChange <[Property change, unit:infantry owned by Russians property:alreadyMoved newValue:1 oldValue:0, CompositeChange <[Property change, unit:infantry owned by Russians property:alreadyMoved newValue:2 oldValue:0]>]>, Add unit change.  Add to: RussianStartRight units: [infantry owned by Russians], Remove unit change. Remove from: RussianStart units: [infantry owned by Russians]]>
[CHANGE] 2025-10-02T10:51:27.980765896 - Change resource.  Resource:PUs quantity:0 Player:Russians
[CHANGE] 2025-10-02T10:51:27.981517849 - Russians takes RussianStepOne from Neutral
[CHANGE] 2025-10-02T10:51:27.982232410 - Property change, unit:infantry owned by Russians property:wasInCombat newValue:true oldValue:false
[CHANGE] 2025-10-02T10:51:27.982886165 - CompositeChange <[CompositeChange <[Property change, unit:infantry owned by Russians property:alreadyMoved newValue:1 oldValue:0, CompositeChange <[Property change, unit:infantry owned by Russians property:alreadyMoved newValue:2 oldValue:0]>]>, Add unit change.  Add to: RussianStepOne units: [infantry owned by Russians], Remove unit change. Remove from: RussianStart units: [infantry owned by Russians]]>
[CHANGE] 2025-10-02T10:51:29.351384036 - Adding Battle Records: [Russians={160d5:IBattle.BattleType.NORMAL(type=Battle) battle in RussianStepOne, 43596:IBattle.BattleType.NORMAL(type=Battle) battle in RussianStartLeft, ece60:IBattle.BattleType.NORMAL(type=Battle) battle in RussianStartRight}]
[CHANGE] 2025-10-02T10:51:29.359285448 - CompositeChange <[Property change, unit:infantry owned by Russians property:alreadyMoved newValue:0 oldValue:2, Property change, unit:infantry owned by Russians property:wasInCombat newValue:false oldValue:true, Property change, unit:infantry owned by Russians property:alreadyMoved newValue:0 oldValue:2, Property change, unit:infantry owned by Russians property:wasInCombat newValue:false oldValue:true, Property change, unit:armour owned by Russians property:alreadyMoved newValue:0 oldValue:3, Property change, unit:armour owned by Russians property:wasInCombat newValue:false oldValue:true]>
[CHANGE] 2025-10-02T10:51:29.362857797 - CompositeChange <[Remove unit change. Remove from: Russians units: [infantry owned by Russians], Add unit change.  Add to: RussianBase units: [infantry owned by Russians]]>
[CHANGE] 2025-10-02T10:51:29.364393171 - CompositeChange <[Remove unit change. Remove from: Russians units: [armour owned by Russians], Add unit change.  Add to: RussianBase units: [armour owned by Russians]]>
