278  16:38:00.687 [main] INFO  o.t.game.client.HeadedGameRunner - Launching game, version: 2.7+00000 
433  16:38:00.842 [Thread-5] DEBUG g.s.e.data.gameparser.GameParser - Parsing game XML: /home/sanjana/triplea/downloadedMaps/capture_the_flag/map/games/capture_the_flag.xml
236  16:44:41.735 [main] INFO  o.t.game.client.HeadedGameRunner - Launching game, version: 2.7+00000 
343  16:44:41.842 [Thread-5] DEBUG g.s.e.data.gameparser.GameParser - Parsing game XML: /home/sanjana/triplea/downloadedMaps/capture_the_flag/map/games/capture_the_flag.xml
236  16:44:56.142 [main] INFO  o.t.game.client.HeadedGameRunner - Launching game, version: 2.7+00000 
341  16:44:56.247 [Thread-5] DEBUG g.s.e.data.gameparser.GameParser - Parsing game XML: /home/sanjana/triplea/downloadedMaps/capture_the_flag/map/games/capture_the_flag.xml
224  16:45:08.688 [main] INFO  o.t.game.client.HeadedGameRunner - Launching game, version: 2.7+00000 
324  16:45:08.788 [Thread-5] DEBUG g.s.e.data.gameparser.GameParser - Parsing game XML: /home/sanjana/triplea/downloadedMaps/capture_the_flag/map/games/capture_the_flag.xml
300  16:50:10.321 [main] INFO  o.t.game.client.HeadedGameRunner - Launching game, version: 2.7+00000 
465  16:50:10.486 [Thread-5] DEBUG g.s.e.data.gameparser.GameParser - Parsing game XML: /home/sanjana/triplea/downloadedMaps/capture_the_flag/map/games/capture_the_flag.xml
242  16:53:17.318 [main] INFO  o.t.game.client.HeadedGameRunner - Launching game, version: 2.7+00000 
365  16:53:17.441 [Thread-5] DEBUG g.s.e.data.gameparser.GameParser - Parsing game XML: /home/sanjana/triplea/downloadedMaps/capture_the_flag/map/games/capture_the_flag.xml
261  16:55:40.234 [main] INFO  o.t.game.client.HeadedGameRunner - Launching game, version: 2.7+00000 
387  16:55:40.360 [Thread-5] DEBUG g.s.e.data.gameparser.GameParser - Parsing game XML: /home/sanjana/triplea/downloadedMaps/capture_the_flag/map/games/capture_the_flag.xml
591194 17:05:31.167 [AWT-EventQueue-0] INFO  g.s.e.m.UnifiedInvocationHandler - Blocking network operation performed from EDT
java.lang.Exception: null
	at games.strategy.engine.message.UnifiedInvocationHandler.invoke(UnifiedInvocationHandler.java:52)
	at jdk.proxy2/jdk.proxy2.$Proxy18.getPlaceableUnits(Unknown Source)
	at java.base/jdk.internal.reflect.NativeMethodAccessorImpl.invoke0(Native Method)
	at java.base/jdk.internal.reflect.NativeMethodAccessorImpl.invoke(NativeMethodAccessorImpl.java:77)
	at java.base/jdk.internal.reflect.DelegatingMethodAccessorImpl.invoke(DelegatingMethodAccessorImpl.java:43)
	at java.base/java.lang.reflect.Method.invoke(Method.java:569)
	at games.strategy.engine.player.PlayerBridge$GameOverInvocationHandler.invoke(PlayerBridge.java:151)
	at jdk.proxy2/jdk.proxy2.$Proxy18.getPlaceableUnits(Unknown Source)
	at games.strategy.triplea.ui.PlacePanel$1.getUnitsToPlace(PlacePanel.java:93)
	at games.strategy.triplea.ui.PlacePanel$1.territorySelected(PlacePanel.java:110)
	at games.strategy.triplea.ui.panels.map.MapPanel.notifyTerritorySelected(MapPanel.java:504)
	at games.strategy.triplea.ui.panels.map.MapPanel$3.mouseReleased(MapPanel.java:223)
	at java.desktop/java.awt.AWTEventMulticaster.mouseReleased(AWTEventMulticaster.java:298)
	at java.desktop/java.awt.Component.processMouseEvent(Component.java:6626)
	at java.desktop/javax.swing.JComponent.processMouseEvent(JComponent.java:3389)
	at java.desktop/java.awt.Component.processEvent(Component.java:6391)
	at java.desktop/java.awt.Container.processEvent(Container.java:2266)
	at java.desktop/java.awt.Component.dispatchEventImpl(Component.java:5001)
	at java.desktop/java.awt.Container.dispatchEventImpl(Container.java:2324)
	at java.desktop/java.awt.Component.dispatchEvent(Component.java:4833)
	at java.desktop/java.awt.LightweightDispatcher.retargetMouseEvent(Container.java:4948)
	at java.desktop/java.awt.LightweightDispatcher.processMouseEvent(Container.java:4575)
	at java.desktop/java.awt.LightweightDispatcher.dispatchEvent(Container.java:4516)
	at java.desktop/java.awt.Container.dispatchEventImpl(Container.java:2310)
	at java.desktop/java.awt.Window.dispatchEventImpl(Window.java:2780)
	at java.desktop/java.awt.Component.dispatchEvent(Component.java:4833)
	at java.desktop/java.awt.EventQueue.dispatchEventImpl(EventQueue.java:775)
	at java.desktop/java.awt.EventQueue$4.run(EventQueue.java:720)
	at java.desktop/java.awt.EventQueue$4.run(EventQueue.java:714)
	at java.base/java.security.AccessController.doPrivileged(AccessController.java:399)
	at java.base/java.security.ProtectionDomain$JavaSecurityAccessImpl.doIntersectionPrivilege(ProtectionDomain.java:86)
	at java.base/java.security.ProtectionDomain$JavaSecurityAccessImpl.doIntersectionPrivilege(ProtectionDomain.java:97)
	at java.desktop/java.awt.EventQueue$5.run(EventQueue.java:747)
	at java.desktop/java.awt.EventQueue$5.run(EventQueue.java:745)
	at java.base/java.security.AccessController.doPrivileged(AccessController.java:399)
	at java.base/java.security.ProtectionDomain$JavaSecurityAccessImpl.doIntersectionPrivilege(ProtectionDomain.java:86)
	at java.desktop/java.awt.EventQueue.dispatchEvent(EventQueue.java:744)
	at java.desktop/java.awt.EventDispatchThread.pumpOneEventForFilters(EventDispatchThread.java:203)
	at java.desktop/java.awt.EventDispatchThread.pumpEventsForFilter(EventDispatchThread.java:124)
	at java.desktop/java.awt.EventDispatchThread.pumpEventsForHierarchy(EventDispatchThread.java:113)
	at java.desktop/java.awt.EventDispatchThread.pumpEvents(EventDispatchThread.java:109)
	at java.desktop/java.awt.EventDispatchThread.pumpEvents(EventDispatchThread.java:101)
	at java.desktop/java.awt.EventDispatchThread.run(EventDispatchThread.java:90)
595330 17:05:35.303 [AWT-EventQueue-0] INFO  g.s.e.m.UnifiedInvocationHandler - Blocking network operation performed from EDT
java.lang.Exception: null
	at games.strategy.engine.message.UnifiedInvocationHandler.invoke(UnifiedInvocationHandler.java:52)
	at jdk.proxy2/jdk.proxy2.$Proxy18.getPlaceableUnits(Unknown Source)
	at java.base/jdk.internal.reflect.NativeMethodAccessorImpl.invoke0(Native Method)
	at java.base/jdk.internal.reflect.NativeMethodAccessorImpl.invoke(NativeMethodAccessorImpl.java:77)
	at java.base/jdk.internal.reflect.DelegatingMethodAccessorImpl.invoke(DelegatingMethodAccessorImpl.java:43)
	at java.base/java.lang.reflect.Method.invoke(Method.java:569)
	at games.strategy.engine.player.PlayerBridge$GameOverInvocationHandler.invoke(PlayerBridge.java:151)
	at jdk.proxy2/jdk.proxy2.$Proxy18.getPlaceableUnits(Unknown Source)
	at games.strategy.triplea.ui.PlacePanel$1.getUnitsToPlace(PlacePanel.java:93)
	at games.strategy.triplea.ui.PlacePanel$1.territorySelected(PlacePanel.java:110)
	at games.strategy.triplea.ui.panels.map.MapPanel.notifyTerritorySelected(MapPanel.java:504)
	at games.strategy.triplea.ui.panels.map.MapPanel$3.mouseReleased(MapPanel.java:223)
	at java.desktop/java.awt.AWTEventMulticaster.mouseReleased(AWTEventMulticaster.java:298)
	at java.desktop/java.awt.Component.processMouseEvent(Component.java:6626)
	at java.desktop/javax.swing.JComponent.processMouseEvent(JComponent.java:3389)
	at java.desktop/java.awt.Component.processEvent(Component.java:6391)
	at java.desktop/java.awt.Container.processEvent(Container.java:2266)
	at java.desktop/java.awt.Component.dispatchEventImpl(Component.java:5001)
	at java.desktop/java.awt.Container.dispatchEventImpl(Container.java:2324)
	at java.desktop/java.awt.Component.dispatchEvent(Component.java:4833)
	at java.desktop/java.awt.LightweightDispatcher.retargetMouseEvent(Container.java:4948)
	at java.desktop/java.awt.LightweightDispatcher.processMouseEvent(Container.java:4575)
	at java.desktop/java.awt.LightweightDispatcher.dispatchEvent(Container.java:4516)
	at java.desktop/java.awt.Container.dispatchEventImpl(Container.java:2310)
	at java.desktop/java.awt.Window.dispatchEventImpl(Window.java:2780)
	at java.desktop/java.awt.Component.dispatchEvent(Component.java:4833)
	at java.desktop/java.awt.EventQueue.dispatchEventImpl(EventQueue.java:775)
	at java.desktop/java.awt.EventQueue$4.run(EventQueue.java:720)
	at java.desktop/java.awt.EventQueue$4.run(EventQueue.java:714)
	at java.base/java.security.AccessController.doPrivileged(AccessController.java:399)
	at java.base/java.security.ProtectionDomain$JavaSecurityAccessImpl.doIntersectionPrivilege(ProtectionDomain.java:86)
	at java.base/java.security.ProtectionDomain$JavaSecurityAccessImpl.doIntersectionPrivilege(ProtectionDomain.java:97)
	at java.desktop/java.awt.EventQueue$5.run(EventQueue.java:747)
	at java.desktop/java.awt.EventQueue$5.run(EventQueue.java:745)
	at java.base/java.security.AccessController.doPrivileged(AccessController.java:399)
	at java.base/java.security.ProtectionDomain$JavaSecurityAccessImpl.doIntersectionPrivilege(ProtectionDomain.java:86)
	at java.desktop/java.awt.EventQueue.dispatchEvent(EventQueue.java:744)
	at java.desktop/java.awt.EventDispatchThread.pumpOneEventForFilters(EventDispatchThread.java:203)
	at java.desktop/java.awt.EventDispatchThread.pumpEventsForFilter(EventDispatchThread.java:124)
	at java.desktop/java.awt.EventDispatchThread.pumpEventsForHierarchy(EventDispatchThread.java:113)
	at java.desktop/java.awt.EventDispatchThread.pumpEvents(EventDispatchThread.java:109)
	at java.desktop/java.awt.EventDispatchThread.pumpEvents(EventDispatchThread.java:101)
	at java.desktop/java.awt.EventDispatchThread.run(EventDispatchThread.java:90)
305  17:11:02.048 [main] INFO  o.t.game.client.HeadedGameRunner - Launching game, version: 2.7+00000 
440  17:11:02.183 [Thread-5] DEBUG g.s.e.data.gameparser.GameParser - Parsing game XML: /home/sanjana/triplea/downloadedMaps/capture_the_flag/map/games/capture_the_flag.xml
290  17:11:38.837 [main] INFO  o.t.game.client.HeadedGameRunner - Launching game, version: 2.7+00000 
414  17:11:38.961 [Thread-5] DEBUG g.s.e.data.gameparser.GameParser - Parsing game XML: /home/sanjana/triplea/downloadedMaps/capture_the_flag/map/games/capture_the_flag.xml
252  17:19:13.772 [main] INFO  o.t.game.client.HeadedGameRunner - Launching game, version: 2.7+00000 
372  17:19:13.892 [Thread-5] DEBUG g.s.e.data.gameparser.GameParser - Parsing game XML: /home/sanjana/triplea/downloadedMaps/capture_the_flag/map/games/capture_the_flag.xml
275  18:04:59.349 [main] INFO  o.t.game.client.HeadedGameRunner - Launching game, version: 2.7+00000 
386  18:04:59.460 [Thread-5] DEBUG g.s.e.data.gameparser.GameParser - Parsing game XML: /home/sanjana/triplea/downloadedMaps/capture_the_flag/map/games/capture_the_flag.xml
233  18:06:10.061 [main] INFO  o.t.game.client.HeadedGameRunner - Launching game, version: 2.7+00000 
334  18:06:10.162 [Thread-5] DEBUG g.s.e.data.gameparser.GameParser - Parsing game XML: /home/sanjana/triplea/downloadedMaps/capture_the_flag/map/games/capture_the_flag.xml
258  18:07:34.255 [main] INFO  o.t.game.client.HeadedGameRunner - Launching game, version: 2.7+00000 
356  18:07:34.353 [Thread-5] DEBUG g.s.e.data.gameparser.GameParser - Parsing game XML: /home/sanjana/triplea/downloadedMaps/capture_the_flag/map/games/capture_the_flag.xml
261  18:10:44.699 [main] INFO  o.t.game.client.HeadedGameRunner - Launching game, version: 2.7+00000 
391  18:10:44.829 [Thread-5] DEBUG g.s.e.data.gameparser.GameParser - Parsing game XML: /home/sanjana/triplea/downloadedMaps/capture_the_flag/map/games/capture_the_flag.xml
236  18:12:11.220 [main] INFO  o.t.game.client.HeadedGameRunner - Launching game, version: 2.7+00000 
346  18:12:11.330 [Thread-5] DEBUG g.s.e.data.gameparser.GameParser - Parsing game XML: /home/sanjana/triplea/downloadedMaps/capture_the_flag/map/games/capture_the_flag.xml
234  18:20:00.956 [main] INFO  o.t.game.client.HeadedGameRunner - Launching game, version: 2.7+00000 
342  18:20:01.064 [Thread-5] DEBUG g.s.e.data.gameparser.GameParser - Parsing game XML: /home/sanjana/triplea/downloadedMaps/capture_the_flag/map/games/capture_the_flag.xml
244  18:24:38.247 [main] INFO  o.t.game.client.HeadedGameRunner - Launching game, version: 2.7+00000 
353  18:24:38.356 [Thread-5] DEBUG g.s.e.data.gameparser.GameParser - Parsing game XML: /home/sanjana/triplea/downloadedMaps/capture_the_flag/map/games/capture_the_flag.xml
232  18:46:40.555 [main] INFO  o.t.game.client.HeadedGameRunner - Launching game, version: 2.7+00000 
339  18:46:40.662 [Thread-5] DEBUG g.s.e.data.gameparser.GameParser - Parsing game XML: /home/sanjana/triplea/downloadedMaps/capture_the_flag/map/games/capture_the_flag.xml
252  18:59:49.244 [main] INFO  o.t.game.client.HeadedGameRunner - Launching game, version: 2.7+00000 
373  18:59:49.365 [Thread-5] DEBUG g.s.e.data.gameparser.GameParser - Parsing game XML: /home/sanjana/triplea/downloadedMaps/capture_the_flag/map/games/capture_the_flag.xml
266  19:00:55.783 [main] INFO  o.t.game.client.HeadedGameRunner - Launching game, version: 2.7+00000 
395  19:00:55.912 [Thread-5] DEBUG g.s.e.data.gameparser.GameParser - Parsing game XML: /home/sanjana/triplea/downloadedMaps/capture_the_flag/map/games/capture_the_flag.xml
252  19:05:04.445 [main] INFO  o.t.game.client.HeadedGameRunner - Launching game, version: 2.7+00000 
370  19:05:04.563 [Thread-5] DEBUG g.s.e.data.gameparser.GameParser - Parsing game XML: /home/sanjana/triplea/downloadedMaps/capture_the_flag/map/games/capture_the_flag.xml
270  19:06:46.186 [main] INFO  o.t.game.client.HeadedGameRunner - Launching game, version: 2.7+00000 
407  19:06:46.323 [Thread-5] DEBUG g.s.e.data.gameparser.GameParser - Parsing game XML: /home/sanjana/triplea/downloadedMaps/capture_the_flag/map/games/capture_the_flag.xml
254  19:07:36.409 [main] INFO  o.t.game.client.HeadedGameRunner - Launching game, version: 2.7+00000 
382  19:07:36.537 [Thread-5] DEBUG g.s.e.data.gameparser.GameParser - Parsing game XML: /home/sanjana/triplea/downloadedMaps/capture_the_flag/map/games/capture_the_flag.xml
230  19:10:03.994 [main] INFO  o.t.game.client.HeadedGameRunner - Launching game, version: 2.7+00000 
350  19:10:04.114 [Thread-5] DEBUG g.s.e.data.gameparser.GameParser - Parsing game XML: /home/sanjana/triplea/downloadedMaps/capture_the_flag/map/games/capture_the_flag.xml
236  19:11:53.049 [main] INFO  o.t.game.client.HeadedGameRunner - Launching game, version: 2.7+00000 
341  19:11:53.154 [Thread-5] DEBUG g.s.e.data.gameparser.GameParser - Parsing game XML: /home/sanjana/triplea/downloadedMaps/capture_the_flag/map/games/capture_the_flag.xml
230  19:12:24.456 [main] INFO  o.t.game.client.HeadedGameRunner - Launching game, version: 2.7+00000 
344  19:12:24.570 [Thread-5] DEBUG g.s.e.data.gameparser.GameParser - Parsing game XML: /home/sanjana/triplea/downloadedMaps/capture_the_flag/map/games/capture_the_flag.xml
277  21:04:25.891 [main] INFO  o.t.game.client.HeadedGameRunner - Launching game, version: 2.7+00000 
378  21:04:25.992 [Thread-5] DEBUG g.s.e.data.gameparser.GameParser - Parsing game XML: /home/sanjana/triplea/downloadedMaps/capture_the_flag/map/games/capture_the_flag.xml
454  21:07:45.772 [main] INFO  o.t.game.client.HeadedGameRunner - Launching game, version: 2.7+00000 
623  21:07:45.941 [Thread-5] DEBUG g.s.e.data.gameparser.GameParser - Parsing game XML: /home/sanjana/triplea/downloadedMaps/capture_the_flag/map/games/capture_the_flag.xml
242  21:13:00.919 [main] INFO  o.t.game.client.HeadedGameRunner - Launching game, version: 2.7+00000 
344  21:13:01.021 [Thread-5] DEBUG g.s.e.data.gameparser.GameParser - Parsing game XML: /home/sanjana/triplea/downloadedMaps/capture_the_flag/map/games/capture_the_flag.xml
225  21:25:18.998 [main] INFO  o.t.game.client.HeadedGameRunner - Launching game, version: 2.7+00000 
327  21:25:19.100 [Thread-5] DEBUG g.s.e.data.gameparser.GameParser - Parsing game XML: /home/sanjana/triplea/downloadedMaps/capture_the_flag/map/games/capture_the_flag.xml
236  21:27:48.246 [main] INFO  o.t.game.client.HeadedGameRunner - Launching game, version: 2.7+00000 
361  21:27:48.371 [Thread-5] DEBUG g.s.e.data.gameparser.GameParser - Parsing game XML: /home/sanjana/triplea/downloadedMaps/capture_the_flag/map/games/capture_the_flag.xml
251  21:31:01.214 [main] INFO  o.t.game.client.HeadedGameRunner - Launching game, version: 2.7+00000 
385  21:31:01.348 [Thread-5] DEBUG g.s.e.data.gameparser.GameParser - Parsing game XML: /home/sanjana/triplea/downloadedMaps/capture_the_flag/map/games/capture_the_flag.xml
246  21:35:48.993 [main] INFO  o.t.game.client.HeadedGameRunner - Launching game, version: 2.7+00000 
366  21:35:49.113 [Thread-5] DEBUG g.s.e.data.gameparser.GameParser - Parsing game XML: /home/sanjana/triplea/downloadedMaps/capture_the_flag/map/games/capture_the_flag.xml
241  21:45:47.870 [main] INFO  o.t.game.client.HeadedGameRunner - Launching game, version: 2.7+00000 
348  21:45:47.977 [Thread-5] DEBUG g.s.e.data.gameparser.GameParser - Parsing game XML: /home/sanjana/triplea/downloadedMaps/capture_the_flag/map/games/capture_the_flag.xml
247  21:49:50.329 [main] INFO  o.t.game.client.HeadedGameRunner - Launching game, version: 2.7+00000 
344  21:49:50.426 [Thread-5] DEBUG g.s.e.data.gameparser.GameParser - Parsing game XML: /home/sanjana/triplea/downloadedMaps/capture_the_flag/map/games/capture_the_flag.xml
236  21:50:16.485 [main] INFO  o.t.game.client.HeadedGameRunner - Launching game, version: 2.7+00000 
337  21:50:16.586 [Thread-5] DEBUG g.s.e.data.gameparser.GameParser - Parsing game XML: /home/sanjana/triplea/downloadedMaps/capture_the_flag/map/games/capture_the_flag.xml
242  21:51:22.317 [main] INFO  o.t.game.client.HeadedGameRunner - Launching game, version: 2.7+00000 
341  21:51:22.416 [Thread-5] DEBUG g.s.e.data.gameparser.GameParser - Parsing game XML: /home/sanjana/triplea/downloadedMaps/capture_the_flag/map/games/capture_the_flag.xml
261  21:53:30.619 [main] INFO  o.t.game.client.HeadedGameRunner - Launching game, version: 2.7+00000 
383  21:53:30.741 [Thread-5] DEBUG g.s.e.data.gameparser.GameParser - Parsing game XML: /home/sanjana/triplea/downloadedMaps/capture_the_flag/map/games/capture_the_flag.xml
111613 21:55:21.971 [AWT-EventQueue-0] INFO  g.s.e.m.UnifiedInvocationHandler - Blocking network operation performed from EDT
java.lang.Exception: null
	at games.strategy.engine.message.UnifiedInvocationHandler.invoke(UnifiedInvocationHandler.java:52)
	at jdk.proxy2/jdk.proxy2.$Proxy18.getPlaceableUnits(Unknown Source)
	at java.base/jdk.internal.reflect.NativeMethodAccessorImpl.invoke0(Native Method)
	at java.base/jdk.internal.reflect.NativeMethodAccessorImpl.invoke(NativeMethodAccessorImpl.java:77)
	at java.base/jdk.internal.reflect.DelegatingMethodAccessorImpl.invoke(DelegatingMethodAccessorImpl.java:43)
	at java.base/java.lang.reflect.Method.invoke(Method.java:569)
	at games.strategy.engine.player.PlayerBridge$GameOverInvocationHandler.invoke(PlayerBridge.java:151)
	at jdk.proxy2/jdk.proxy2.$Proxy18.getPlaceableUnits(Unknown Source)
	at games.strategy.triplea.ui.PlacePanel$1.getUnitsToPlace(PlacePanel.java:93)
	at games.strategy.triplea.ui.PlacePanel$1.territorySelected(PlacePanel.java:110)
	at games.strategy.triplea.ui.panels.map.MapPanel.notifyTerritorySelected(MapPanel.java:504)
	at games.strategy.triplea.ui.panels.map.MapPanel$3.mouseReleased(MapPanel.java:223)
	at java.desktop/java.awt.AWTEventMulticaster.mouseReleased(AWTEventMulticaster.java:298)
	at java.desktop/java.awt.Component.processMouseEvent(Component.java:6626)
	at java.desktop/javax.swing.JComponent.processMouseEvent(JComponent.java:3389)
	at java.desktop/java.awt.Component.processEvent(Component.java:6391)
	at java.desktop/java.awt.Container.processEvent(Container.java:2266)
	at java.desktop/java.awt.Component.dispatchEventImpl(Component.java:5001)
	at java.desktop/java.awt.Container.dispatchEventImpl(Container.java:2324)
	at java.desktop/java.awt.Component.dispatchEvent(Component.java:4833)
	at java.desktop/java.awt.LightweightDispatcher.retargetMouseEvent(Container.java:4948)
	at java.desktop/java.awt.LightweightDispatcher.processMouseEvent(Container.java:4575)
	at java.desktop/java.awt.LightweightDispatcher.dispatchEvent(Container.java:4516)
	at java.desktop/java.awt.Container.dispatchEventImpl(Container.java:2310)
	at java.desktop/java.awt.Window.dispatchEventImpl(Window.java:2780)
	at java.desktop/java.awt.Component.dispatchEvent(Component.java:4833)
	at java.desktop/java.awt.EventQueue.dispatchEventImpl(EventQueue.java:775)
	at java.desktop/java.awt.EventQueue$4.run(EventQueue.java:720)
	at java.desktop/java.awt.EventQueue$4.run(EventQueue.java:714)
	at java.base/java.security.AccessController.doPrivileged(AccessController.java:399)
	at java.base/java.security.ProtectionDomain$JavaSecurityAccessImpl.doIntersectionPrivilege(ProtectionDomain.java:86)
	at java.base/java.security.ProtectionDomain$JavaSecurityAccessImpl.doIntersectionPrivilege(ProtectionDomain.java:97)
	at java.desktop/java.awt.EventQueue$5.run(EventQueue.java:747)
	at java.desktop/java.awt.EventQueue$5.run(EventQueue.java:745)
	at java.base/java.security.AccessController.doPrivileged(AccessController.java:399)
	at java.base/java.security.ProtectionDomain$JavaSecurityAccessImpl.doIntersectionPrivilege(ProtectionDomain.java:86)
	at java.desktop/java.awt.EventQueue.dispatchEvent(EventQueue.java:744)
	at java.desktop/java.awt.EventDispatchThread.pumpOneEventForFilters(EventDispatchThread.java:203)
	at java.desktop/java.awt.EventDispatchThread.pumpEventsForFilter(EventDispatchThread.java:124)
	at java.desktop/java.awt.EventDispatchThread.pumpEventsForHierarchy(EventDispatchThread.java:113)
	at java.desktop/java.awt.EventDispatchThread.pumpEvents(EventDispatchThread.java:109)
	at java.desktop/java.awt.EventDispatchThread.pumpEvents(EventDispatchThread.java:101)
	at java.desktop/java.awt.EventDispatchThread.run(EventDispatchThread.java:90)
114253 21:55:24.611 [AWT-EventQueue-0] INFO  g.s.e.m.UnifiedInvocationHandler - Blocking network operation performed from EDT
java.lang.Exception: null
	at games.strategy.engine.message.UnifiedInvocationHandler.invoke(UnifiedInvocationHandler.java:52)
	at jdk.proxy2/jdk.proxy2.$Proxy18.getPlaceableUnits(Unknown Source)
	at java.base/jdk.internal.reflect.NativeMethodAccessorImpl.invoke0(Native Method)
	at java.base/jdk.internal.reflect.NativeMethodAccessorImpl.invoke(NativeMethodAccessorImpl.java:77)
	at java.base/jdk.internal.reflect.DelegatingMethodAccessorImpl.invoke(DelegatingMethodAccessorImpl.java:43)
	at java.base/java.lang.reflect.Method.invoke(Method.java:569)
	at games.strategy.engine.player.PlayerBridge$GameOverInvocationHandler.invoke(PlayerBridge.java:151)
	at jdk.proxy2/jdk.proxy2.$Proxy18.getPlaceableUnits(Unknown Source)
	at games.strategy.triplea.ui.PlacePanel$1.getUnitsToPlace(PlacePanel.java:93)
	at games.strategy.triplea.ui.PlacePanel$1.territorySelected(PlacePanel.java:110)
	at games.strategy.triplea.ui.panels.map.MapPanel.notifyTerritorySelected(MapPanel.java:504)
	at games.strategy.triplea.ui.panels.map.MapPanel$3.mouseReleased(MapPanel.java:223)
	at java.desktop/java.awt.AWTEventMulticaster.mouseReleased(AWTEventMulticaster.java:298)
	at java.desktop/java.awt.Component.processMouseEvent(Component.java:6626)
	at java.desktop/javax.swing.JComponent.processMouseEvent(JComponent.java:3389)
	at java.desktop/java.awt.Component.processEvent(Component.java:6391)
	at java.desktop/java.awt.Container.processEvent(Container.java:2266)
	at java.desktop/java.awt.Component.dispatchEventImpl(Component.java:5001)
	at java.desktop/java.awt.Container.dispatchEventImpl(Container.java:2324)
	at java.desktop/java.awt.Component.dispatchEvent(Component.java:4833)
	at java.desktop/java.awt.LightweightDispatcher.retargetMouseEvent(Container.java:4948)
	at java.desktop/java.awt.LightweightDispatcher.processMouseEvent(Container.java:4575)
	at java.desktop/java.awt.LightweightDispatcher.dispatchEvent(Container.java:4516)
	at java.desktop/java.awt.Container.dispatchEventImpl(Container.java:2310)
	at java.desktop/java.awt.Window.dispatchEventImpl(Window.java:2780)
	at java.desktop/java.awt.Component.dispatchEvent(Component.java:4833)
	at java.desktop/java.awt.EventQueue.dispatchEventImpl(EventQueue.java:775)
	at java.desktop/java.awt.EventQueue$4.run(EventQueue.java:720)
	at java.desktop/java.awt.EventQueue$4.run(EventQueue.java:714)
	at java.base/java.security.AccessController.doPrivileged(AccessController.java:399)
	at java.base/java.security.ProtectionDomain$JavaSecurityAccessImpl.doIntersectionPrivilege(ProtectionDomain.java:86)
	at java.base/java.security.ProtectionDomain$JavaSecurityAccessImpl.doIntersectionPrivilege(ProtectionDomain.java:97)
	at java.desktop/java.awt.EventQueue$5.run(EventQueue.java:747)
	at java.desktop/java.awt.EventQueue$5.run(EventQueue.java:745)
	at java.base/java.security.AccessController.doPrivileged(AccessController.java:399)
	at java.base/java.security.ProtectionDomain$JavaSecurityAccessImpl.doIntersectionPrivilege(ProtectionDomain.java:86)
	at java.desktop/java.awt.EventQueue.dispatchEvent(EventQueue.java:744)
	at java.desktop/java.awt.EventDispatchThread.pumpOneEventForFilters(EventDispatchThread.java:203)
	at java.desktop/java.awt.EventDispatchThread.pumpEventsForFilter(EventDispatchThread.java:124)
	at java.desktop/java.awt.EventDispatchThread.pumpEventsForHierarchy(EventDispatchThread.java:113)
	at java.desktop/java.awt.EventDispatchThread.pumpEvents(EventDispatchThread.java:109)
	at java.desktop/java.awt.EventDispatchThread.pumpEvents(EventDispatchThread.java:101)
	at java.desktop/java.awt.EventDispatchThread.run(EventDispatchThread.java:90)
267  21:56:44.936 [main] INFO  o.t.game.client.HeadedGameRunner - Launching game, version: 2.7+00000 
392  21:56:45.061 [Thread-5] DEBUG g.s.e.data.gameparser.GameParser - Parsing game XML: /home/sanjana/triplea/downloadedMaps/capture_the_flag/map/games/capture_the_flag.xml
61118 21:57:45.787 [AWT-EventQueue-0] INFO  g.s.e.m.UnifiedInvocationHandler - Blocking network operation performed from EDT
java.lang.Exception: null
	at games.strategy.engine.message.UnifiedInvocationHandler.invoke(UnifiedInvocationHandler.java:52)
	at jdk.proxy2/jdk.proxy2.$Proxy18.getPlaceableUnits(Unknown Source)
	at java.base/jdk.internal.reflect.NativeMethodAccessorImpl.invoke0(Native Method)
	at java.base/jdk.internal.reflect.NativeMethodAccessorImpl.invoke(NativeMethodAccessorImpl.java:77)
	at java.base/jdk.internal.reflect.DelegatingMethodAccessorImpl.invoke(DelegatingMethodAccessorImpl.java:43)
	at java.base/java.lang.reflect.Method.invoke(Method.java:569)
	at games.strategy.engine.player.PlayerBridge$GameOverInvocationHandler.invoke(PlayerBridge.java:151)
	at jdk.proxy2/jdk.proxy2.$Proxy18.getPlaceableUnits(Unknown Source)
	at games.strategy.triplea.ui.PlacePanel$1.getUnitsToPlace(PlacePanel.java:93)
	at games.strategy.triplea.ui.PlacePanel$1.territorySelected(PlacePanel.java:110)
	at games.strategy.triplea.ui.panels.map.MapPanel.notifyTerritorySelected(MapPanel.java:504)
	at games.strategy.triplea.ui.panels.map.MapPanel$3.mouseReleased(MapPanel.java:223)
	at java.desktop/java.awt.AWTEventMulticaster.mouseReleased(AWTEventMulticaster.java:298)
	at java.desktop/java.awt.Component.processMouseEvent(Component.java:6626)
	at java.desktop/javax.swing.JComponent.processMouseEvent(JComponent.java:3389)
	at java.desktop/java.awt.Component.processEvent(Component.java:6391)
	at java.desktop/java.awt.Container.processEvent(Container.java:2266)
	at java.desktop/java.awt.Component.dispatchEventImpl(Component.java:5001)
	at java.desktop/java.awt.Container.dispatchEventImpl(Container.java:2324)
	at java.desktop/java.awt.Component.dispatchEvent(Component.java:4833)
	at java.desktop/java.awt.LightweightDispatcher.retargetMouseEvent(Container.java:4948)
	at java.desktop/java.awt.LightweightDispatcher.processMouseEvent(Container.java:4575)
	at java.desktop/java.awt.LightweightDispatcher.dispatchEvent(Container.java:4516)
	at java.desktop/java.awt.Container.dispatchEventImpl(Container.java:2310)
	at java.desktop/java.awt.Window.dispatchEventImpl(Window.java:2780)
	at java.desktop/java.awt.Component.dispatchEvent(Component.java:4833)
	at java.desktop/java.awt.EventQueue.dispatchEventImpl(EventQueue.java:775)
	at java.desktop/java.awt.EventQueue$4.run(EventQueue.java:720)
	at java.desktop/java.awt.EventQueue$4.run(EventQueue.java:714)
	at java.base/java.security.AccessController.doPrivileged(AccessController.java:399)
	at java.base/java.security.ProtectionDomain$JavaSecurityAccessImpl.doIntersectionPrivilege(ProtectionDomain.java:86)
	at java.base/java.security.ProtectionDomain$JavaSecurityAccessImpl.doIntersectionPrivilege(ProtectionDomain.java:97)
	at java.desktop/java.awt.EventQueue$5.run(EventQueue.java:747)
	at java.desktop/java.awt.EventQueue$5.run(EventQueue.java:745)
	at java.base/java.security.AccessController.doPrivileged(AccessController.java:399)
	at java.base/java.security.ProtectionDomain$JavaSecurityAccessImpl.doIntersectionPrivilege(ProtectionDomain.java:86)
	at java.desktop/java.awt.EventQueue.dispatchEvent(EventQueue.java:744)
	at java.desktop/java.awt.EventDispatchThread.pumpOneEventForFilters(EventDispatchThread.java:203)
	at java.desktop/java.awt.EventDispatchThread.pumpEventsForFilter(EventDispatchThread.java:124)
	at java.desktop/java.awt.EventDispatchThread.pumpEventsForHierarchy(EventDispatchThread.java:113)
	at java.desktop/java.awt.EventDispatchThread.pumpEvents(EventDispatchThread.java:109)
	at java.desktop/java.awt.EventDispatchThread.pumpEvents(EventDispatchThread.java:101)
	at java.desktop/java.awt.EventDispatchThread.run(EventDispatchThread.java:90)
268  22:00:18.404 [main] INFO  o.t.game.client.HeadedGameRunner - Launching game, version: 2.7+00000 
392  22:00:18.528 [Thread-5] DEBUG g.s.e.data.gameparser.GameParser - Parsing game XML: /home/sanjana/triplea/downloadedMaps/capture_the_flag/map/games/capture_the_flag.xml
82156 22:01:40.292 [AWT-EventQueue-0] INFO  g.s.e.m.UnifiedInvocationHandler - Blocking network operation performed from EDT
java.lang.Exception: null
	at games.strategy.engine.message.UnifiedInvocationHandler.invoke(UnifiedInvocationHandler.java:52)
	at jdk.proxy2/jdk.proxy2.$Proxy18.getPlaceableUnits(Unknown Source)
	at java.base/jdk.internal.reflect.NativeMethodAccessorImpl.invoke0(Native Method)
	at java.base/jdk.internal.reflect.NativeMethodAccessorImpl.invoke(NativeMethodAccessorImpl.java:77)
	at java.base/jdk.internal.reflect.DelegatingMethodAccessorImpl.invoke(DelegatingMethodAccessorImpl.java:43)
	at java.base/java.lang.reflect.Method.invoke(Method.java:569)
	at games.strategy.engine.player.PlayerBridge$GameOverInvocationHandler.invoke(PlayerBridge.java:151)
	at jdk.proxy2/jdk.proxy2.$Proxy18.getPlaceableUnits(Unknown Source)
	at games.strategy.triplea.ui.PlacePanel$1.getUnitsToPlace(PlacePanel.java:93)
	at games.strategy.triplea.ui.PlacePanel$1.territorySelected(PlacePanel.java:110)
	at games.strategy.triplea.ui.panels.map.MapPanel.notifyTerritorySelected(MapPanel.java:504)
	at games.strategy.triplea.ui.panels.map.MapPanel$3.mouseReleased(MapPanel.java:223)
	at java.desktop/java.awt.AWTEventMulticaster.mouseReleased(AWTEventMulticaster.java:298)
	at java.desktop/java.awt.Component.processMouseEvent(Component.java:6626)
	at java.desktop/javax.swing.JComponent.processMouseEvent(JComponent.java:3389)
	at java.desktop/java.awt.Component.processEvent(Component.java:6391)
	at java.desktop/java.awt.Container.processEvent(Container.java:2266)
	at java.desktop/java.awt.Component.dispatchEventImpl(Component.java:5001)
	at java.desktop/java.awt.Container.dispatchEventImpl(Container.java:2324)
	at java.desktop/java.awt.Component.dispatchEvent(Component.java:4833)
	at java.desktop/java.awt.LightweightDispatcher.retargetMouseEvent(Container.java:4948)
	at java.desktop/java.awt.LightweightDispatcher.processMouseEvent(Container.java:4575)
	at java.desktop/java.awt.LightweightDispatcher.dispatchEvent(Container.java:4516)
	at java.desktop/java.awt.Container.dispatchEventImpl(Container.java:2310)
	at java.desktop/java.awt.Window.dispatchEventImpl(Window.java:2780)
	at java.desktop/java.awt.Component.dispatchEvent(Component.java:4833)
	at java.desktop/java.awt.EventQueue.dispatchEventImpl(EventQueue.java:775)
	at java.desktop/java.awt.EventQueue$4.run(EventQueue.java:720)
	at java.desktop/java.awt.EventQueue$4.run(EventQueue.java:714)
	at java.base/java.security.AccessController.doPrivileged(AccessController.java:399)
	at java.base/java.security.ProtectionDomain$JavaSecurityAccessImpl.doIntersectionPrivilege(ProtectionDomain.java:86)
	at java.base/java.security.ProtectionDomain$JavaSecurityAccessImpl.doIntersectionPrivilege(ProtectionDomain.java:97)
	at java.desktop/java.awt.EventQueue$5.run(EventQueue.java:747)
	at java.desktop/java.awt.EventQueue$5.run(EventQueue.java:745)
	at java.base/java.security.AccessController.doPrivileged(AccessController.java:399)
	at java.base/java.security.ProtectionDomain$JavaSecurityAccessImpl.doIntersectionPrivilege(ProtectionDomain.java:86)
	at java.desktop/java.awt.EventQueue.dispatchEvent(EventQueue.java:744)
	at java.desktop/java.awt.EventDispatchThread.pumpOneEventForFilters(EventDispatchThread.java:203)
	at java.desktop/java.awt.EventDispatchThread.pumpEventsForFilter(EventDispatchThread.java:124)
	at java.desktop/java.awt.EventDispatchThread.pumpEventsForHierarchy(EventDispatchThread.java:113)
	at java.desktop/java.awt.EventDispatchThread.pumpEvents(EventDispatchThread.java:109)
	at java.desktop/java.awt.EventDispatchThread.pumpEvents(EventDispatchThread.java:101)
	at java.desktop/java.awt.EventDispatchThread.run(EventDispatchThread.java:90)
84700 22:01:42.836 [AWT-EventQueue-0] INFO  g.s.e.m.UnifiedInvocationHandler - Blocking network operation performed from EDT
java.lang.Exception: null
	at games.strategy.engine.message.UnifiedInvocationHandler.invoke(UnifiedInvocationHandler.java:52)
	at jdk.proxy2/jdk.proxy2.$Proxy18.getPlaceableUnits(Unknown Source)
	at java.base/jdk.internal.reflect.NativeMethodAccessorImpl.invoke0(Native Method)
	at java.base/jdk.internal.reflect.NativeMethodAccessorImpl.invoke(NativeMethodAccessorImpl.java:77)
	at java.base/jdk.internal.reflect.DelegatingMethodAccessorImpl.invoke(DelegatingMethodAccessorImpl.java:43)
	at java.base/java.lang.reflect.Method.invoke(Method.java:569)
	at games.strategy.engine.player.PlayerBridge$GameOverInvocationHandler.invoke(PlayerBridge.java:151)
	at jdk.proxy2/jdk.proxy2.$Proxy18.getPlaceableUnits(Unknown Source)
	at games.strategy.triplea.ui.PlacePanel$1.getUnitsToPlace(PlacePanel.java:93)
	at games.strategy.triplea.ui.PlacePanel$1.territorySelected(PlacePanel.java:110)
	at games.strategy.triplea.ui.panels.map.MapPanel.notifyTerritorySelected(MapPanel.java:504)
	at games.strategy.triplea.ui.panels.map.MapPanel$3.mouseReleased(MapPanel.java:223)
	at java.desktop/java.awt.AWTEventMulticaster.mouseReleased(AWTEventMulticaster.java:298)
	at java.desktop/java.awt.Component.processMouseEvent(Component.java:6626)
	at java.desktop/javax.swing.JComponent.processMouseEvent(JComponent.java:3389)
	at java.desktop/java.awt.Component.processEvent(Component.java:6391)
	at java.desktop/java.awt.Container.processEvent(Container.java:2266)
	at java.desktop/java.awt.Component.dispatchEventImpl(Component.java:5001)
	at java.desktop/java.awt.Container.dispatchEventImpl(Container.java:2324)
	at java.desktop/java.awt.Component.dispatchEvent(Component.java:4833)
	at java.desktop/java.awt.LightweightDispatcher.retargetMouseEvent(Container.java:4948)
	at java.desktop/java.awt.LightweightDispatcher.processMouseEvent(Container.java:4575)
	at java.desktop/java.awt.LightweightDispatcher.dispatchEvent(Container.java:4516)
	at java.desktop/java.awt.Container.dispatchEventImpl(Container.java:2310)
	at java.desktop/java.awt.Window.dispatchEventImpl(Window.java:2780)
	at java.desktop/java.awt.Component.dispatchEvent(Component.java:4833)
	at java.desktop/java.awt.EventQueue.dispatchEventImpl(EventQueue.java:775)
	at java.desktop/java.awt.EventQueue$4.run(EventQueue.java:720)
	at java.desktop/java.awt.EventQueue$4.run(EventQueue.java:714)
	at java.base/java.security.AccessController.doPrivileged(AccessController.java:399)
	at java.base/java.security.ProtectionDomain$JavaSecurityAccessImpl.doIntersectionPrivilege(ProtectionDomain.java:86)
	at java.base/java.security.ProtectionDomain$JavaSecurityAccessImpl.doIntersectionPrivilege(ProtectionDomain.java:97)
	at java.desktop/java.awt.EventQueue$5.run(EventQueue.java:747)
	at java.desktop/java.awt.EventQueue$5.run(EventQueue.java:745)
	at java.base/java.security.AccessController.doPrivileged(AccessController.java:399)
	at java.base/java.security.ProtectionDomain$JavaSecurityAccessImpl.doIntersectionPrivilege(ProtectionDomain.java:86)
	at java.desktop/java.awt.EventQueue.dispatchEvent(EventQueue.java:744)
	at java.desktop/java.awt.EventDispatchThread.pumpOneEventForFilters(EventDispatchThread.java:203)
	at java.desktop/java.awt.EventDispatchThread.pumpEventsForFilter(EventDispatchThread.java:124)
	at java.desktop/java.awt.EventDispatchThread.pumpEventsForHierarchy(EventDispatchThread.java:113)
	at java.desktop/java.awt.EventDispatchThread.pumpEvents(EventDispatchThread.java:109)
	at java.desktop/java.awt.EventDispatchThread.pumpEvents(EventDispatchThread.java:101)
	at java.desktop/java.awt.EventDispatchThread.run(EventDispatchThread.java:90)
89660 22:01:47.796 [AWT-EventQueue-0] INFO  g.s.e.m.UnifiedInvocationHandler - Blocking network operation performed from EDT
java.lang.Exception: null
	at games.strategy.engine.message.UnifiedInvocationHandler.invoke(UnifiedInvocationHandler.java:52)
	at jdk.proxy2/jdk.proxy2.$Proxy18.getPlaceableUnits(Unknown Source)
	at java.base/jdk.internal.reflect.NativeMethodAccessorImpl.invoke0(Native Method)
	at java.base/jdk.internal.reflect.NativeMethodAccessorImpl.invoke(NativeMethodAccessorImpl.java:77)
	at java.base/jdk.internal.reflect.DelegatingMethodAccessorImpl.invoke(DelegatingMethodAccessorImpl.java:43)
	at java.base/java.lang.reflect.Method.invoke(Method.java:569)
	at games.strategy.engine.player.PlayerBridge$GameOverInvocationHandler.invoke(PlayerBridge.java:151)
	at jdk.proxy2/jdk.proxy2.$Proxy18.getPlaceableUnits(Unknown Source)
	at games.strategy.triplea.ui.PlacePanel$1.getUnitsToPlace(PlacePanel.java:93)
	at games.strategy.triplea.ui.PlacePanel$1.territorySelected(PlacePanel.java:110)
	at games.strategy.triplea.ui.panels.map.MapPanel.notifyTerritorySelected(MapPanel.java:504)
	at games.strategy.triplea.ui.panels.map.MapPanel$3.mouseReleased(MapPanel.java:223)
	at java.desktop/java.awt.AWTEventMulticaster.mouseReleased(AWTEventMulticaster.java:298)
	at java.desktop/java.awt.Component.processMouseEvent(Component.java:6626)
	at java.desktop/javax.swing.JComponent.processMouseEvent(JComponent.java:3389)
	at java.desktop/java.awt.Component.processEvent(Component.java:6391)
	at java.desktop/java.awt.Container.processEvent(Container.java:2266)
	at java.desktop/java.awt.Component.dispatchEventImpl(Component.java:5001)
	at java.desktop/java.awt.Container.dispatchEventImpl(Container.java:2324)
	at java.desktop/java.awt.Component.dispatchEvent(Component.java:4833)
	at java.desktop/java.awt.LightweightDispatcher.retargetMouseEvent(Container.java:4948)
	at java.desktop/java.awt.LightweightDispatcher.processMouseEvent(Container.java:4575)
	at java.desktop/java.awt.LightweightDispatcher.dispatchEvent(Container.java:4516)
	at java.desktop/java.awt.Container.dispatchEventImpl(Container.java:2310)
	at java.desktop/java.awt.Window.dispatchEventImpl(Window.java:2780)
	at java.desktop/java.awt.Component.dispatchEvent(Component.java:4833)
	at java.desktop/java.awt.EventQueue.dispatchEventImpl(EventQueue.java:775)
	at java.desktop/java.awt.EventQueue$4.run(EventQueue.java:720)
	at java.desktop/java.awt.EventQueue$4.run(EventQueue.java:714)
	at java.base/java.security.AccessController.doPrivileged(AccessController.java:399)
	at java.base/java.security.ProtectionDomain$JavaSecurityAccessImpl.doIntersectionPrivilege(ProtectionDomain.java:86)
	at java.base/java.security.ProtectionDomain$JavaSecurityAccessImpl.doIntersectionPrivilege(ProtectionDomain.java:97)
	at java.desktop/java.awt.EventQueue$5.run(EventQueue.java:747)
	at java.desktop/java.awt.EventQueue$5.run(EventQueue.java:745)
	at java.base/java.security.AccessController.doPrivileged(AccessController.java:399)
	at java.base/java.security.ProtectionDomain$JavaSecurityAccessImpl.doIntersectionPrivilege(ProtectionDomain.java:86)
	at java.desktop/java.awt.EventQueue.dispatchEvent(EventQueue.java:744)
	at java.desktop/java.awt.EventDispatchThread.pumpOneEventForFilters(EventDispatchThread.java:203)
	at java.desktop/java.awt.EventDispatchThread.pumpEventsForFilter(EventDispatchThread.java:124)
	at java.desktop/java.awt.EventDispatchThread.pumpEventsForHierarchy(EventDispatchThread.java:113)
	at java.desktop/java.awt.EventDispatchThread.pumpEvents(EventDispatchThread.java:109)
	at java.desktop/java.awt.EventDispatchThread.pumpEvents(EventDispatchThread.java:101)
	at java.desktop/java.awt.EventDispatchThread.run(EventDispatchThread.java:90)
207908 22:03:46.044 [AWT-EventQueue-0] INFO  g.s.e.m.UnifiedInvocationHandler - Blocking network operation performed from EDT
java.lang.Exception: null
	at games.strategy.engine.message.UnifiedInvocationHandler.invoke(UnifiedInvocationHandler.java:52)
	at jdk.proxy2/jdk.proxy2.$Proxy18.getPlaceableUnits(Unknown Source)
	at java.base/jdk.internal.reflect.NativeMethodAccessorImpl.invoke0(Native Method)
	at java.base/jdk.internal.reflect.NativeMethodAccessorImpl.invoke(NativeMethodAccessorImpl.java:77)
	at java.base/jdk.internal.reflect.DelegatingMethodAccessorImpl.invoke(DelegatingMethodAccessorImpl.java:43)
	at java.base/java.lang.reflect.Method.invoke(Method.java:569)
	at games.strategy.engine.player.PlayerBridge$GameOverInvocationHandler.invoke(PlayerBridge.java:151)
	at jdk.proxy2/jdk.proxy2.$Proxy18.getPlaceableUnits(Unknown Source)
	at games.strategy.triplea.ui.PlacePanel$1.getUnitsToPlace(PlacePanel.java:93)
	at games.strategy.triplea.ui.PlacePanel$1.territorySelected(PlacePanel.java:110)
	at games.strategy.triplea.ui.panels.map.MapPanel.notifyTerritorySelected(MapPanel.java:504)
	at games.strategy.triplea.ui.panels.map.MapPanel$3.mouseReleased(MapPanel.java:223)
	at java.desktop/java.awt.AWTEventMulticaster.mouseReleased(AWTEventMulticaster.java:298)
	at java.desktop/java.awt.Component.processMouseEvent(Component.java:6626)
	at java.desktop/javax.swing.JComponent.processMouseEvent(JComponent.java:3389)
	at java.desktop/java.awt.Component.processEvent(Component.java:6391)
	at java.desktop/java.awt.Container.processEvent(Container.java:2266)
	at java.desktop/java.awt.Component.dispatchEventImpl(Component.java:5001)
	at java.desktop/java.awt.Container.dispatchEventImpl(Container.java:2324)
	at java.desktop/java.awt.Component.dispatchEvent(Component.java:4833)
	at java.desktop/java.awt.LightweightDispatcher.retargetMouseEvent(Container.java:4948)
	at java.desktop/java.awt.LightweightDispatcher.processMouseEvent(Container.java:4575)
	at java.desktop/java.awt.LightweightDispatcher.dispatchEvent(Container.java:4516)
	at java.desktop/java.awt.Container.dispatchEventImpl(Container.java:2310)
	at java.desktop/java.awt.Window.dispatchEventImpl(Window.java:2780)
	at java.desktop/java.awt.Component.dispatchEvent(Component.java:4833)
	at java.desktop/java.awt.EventQueue.dispatchEventImpl(EventQueue.java:775)
	at java.desktop/java.awt.EventQueue$4.run(EventQueue.java:720)
	at java.desktop/java.awt.EventQueue$4.run(EventQueue.java:714)
	at java.base/java.security.AccessController.doPrivileged(AccessController.java:399)
	at java.base/java.security.ProtectionDomain$JavaSecurityAccessImpl.doIntersectionPrivilege(ProtectionDomain.java:86)
	at java.base/java.security.ProtectionDomain$JavaSecurityAccessImpl.doIntersectionPrivilege(ProtectionDomain.java:97)
	at java.desktop/java.awt.EventQueue$5.run(EventQueue.java:747)
	at java.desktop/java.awt.EventQueue$5.run(EventQueue.java:745)
	at java.base/java.security.AccessController.doPrivileged(AccessController.java:399)
	at java.base/java.security.ProtectionDomain$JavaSecurityAccessImpl.doIntersectionPrivilege(ProtectionDomain.java:86)
	at java.desktop/java.awt.EventQueue.dispatchEvent(EventQueue.java:744)
	at java.desktop/java.awt.EventDispatchThread.pumpOneEventForFilters(EventDispatchThread.java:203)
	at java.desktop/java.awt.EventDispatchThread.pumpEventsForFilter(EventDispatchThread.java:124)
	at java.desktop/java.awt.EventDispatchThread.pumpEventsForHierarchy(EventDispatchThread.java:113)
	at java.desktop/java.awt.EventDispatchThread.pumpEvents(EventDispatchThread.java:109)
	at java.desktop/java.awt.EventDispatchThread.pumpEvents(EventDispatchThread.java:101)
	at java.desktop/java.awt.EventDispatchThread.run(EventDispatchThread.java:90)
